[ 2017-12-18T00:28:17+08:00 ] 127.0.0.1 /sp_shop/Cart/defaultChecked.html
INFO: [ app_begin ] --START--
INFO: Run Behavior\ReadHtmlCacheBehavior [ RunTime:0.001131s ]
INFO: [ app_begin ] --END-- [ RunTime:0.002025s ]
SQL: SHOW COLUMNS FROM `shopcart` [ RunTime:0.006520s ]
SQL: UPDATE `shopcart` SET `checked`=1 WHERE ( uid=20 ) [ RunTime:0.002836s ]
INFO: [ app_end ] --START--
INFO: Run Behavior\ShowPageTraceBehavior [ RunTime:0.001241s ]
INFO: [ app_end ] --END-- [ RunTime:0.001398s ]

[ 2017-12-18T00:31:11+08:00 ] 127.0.0.1 /sp_shop/Cart/defaultChecked.html
INFO: [ app_begin ] --START--
INFO: Run Behavior\ReadHtmlCacheBehavior [ RunTime:0.000948s ]
INFO: [ app_begin ] --END-- [ RunTime:0.001678s ]
SQL: SHOW COLUMNS FROM `shopcart` [ RunTime:0.005731s ]
SQL: UPDATE `shopcart` SET `checked`=1 WHERE ( uid=20 ) [ RunTime:0.000464s ]
INFO: [ app_end ] --START--
INFO: Run Behavior\ShowPageTraceBehavior [ RunTime:0.001420s ]
INFO: [ app_end ] --END-- [ RunTime:0.001602s ]

[ 2017-12-18T00:31:17+08:00 ] 127.0.0.1 /sp_shop/Cart/defaultChecked.html
INFO: [ app_begin ] --START--
INFO: Run Behavior\ReadHtmlCacheBehavior [ RunTime:0.000663s ]
INFO: [ app_begin ] --END-- [ RunTime:0.001161s ]
SQL: SHOW COLUMNS FROM `shopcart` [ RunTime:0.004234s ]
SQL: UPDATE `shopcart` SET `checked`=1 WHERE ( uid=20 ) [ RunTime:0.000322s ]
INFO: [ app_end ] --START--
INFO: Run Behavior\ShowPageTraceBehavior [ RunTime:0.001060s ]
INFO: [ app_end ] --END-- [ RunTime:0.001185s ]

[ 2017-12-18T00:31:22+08:00 ] 127.0.0.1 /sp_shop/Cart/changeNum.html
INFO: [ app_begin ] --START--
INFO: Run Behavior\ReadHtmlCacheBehavior [ RunTime:0.000716s ]
INFO: [ app_begin ] --END-- [ RunTime:0.001312s ]
SQL: SHOW COLUMNS FROM `shopcart` [ RunTime:0.003742s ]
SQL: UPDATE `shopcart` SET `num`=5 WHERE ( scid=10 and uid=20 ) [ RunTime:0.090024s ]

[ 2017-12-18T01:20:17+08:00 ] 127.0.0.1 /sp_shop/Cart/defaultChecked.html
INFO: [ app_begin ] --START--
INFO: Run Behavior\ReadHtmlCacheBehavior [ RunTime:0.000966s ]
INFO: [ app_begin ] --END-- [ RunTime:0.001604s ]
SQL: SHOW COLUMNS FROM `shopcart` [ RunTime:0.004559s ]
SQL: UPDATE `shopcart` SET `checked`=1 WHERE ( uid=20 ) [ RunTime:0.000431s ]
INFO: [ app_end ] --START--
INFO: Run Behavior\ShowPageTraceBehavior [ RunTime:0.000721s ]
INFO: [ app_end ] --END-- [ RunTime:0.000786s ]

[ 2017-12-18T01:23:35+08:00 ] 127.0.0.1 /sp_shop/Cart/defaultChecked.html
INFO: [ app_begin ] --START--
INFO: Run Behavior\ReadHtmlCacheBehavior [ RunTime:0.000985s ]
INFO: [ app_begin ] --END-- [ RunTime:0.001610s ]
SQL: SHOW COLUMNS FROM `shopcart` [ RunTime:0.008324s ]
SQL: UPDATE `shopcart` SET `checked`=1 WHERE ( uid=20 ) [ RunTime:0.000356s ]
INFO: [ app_end ] --START--
INFO: Run Behavior\ShowPageTraceBehavior [ RunTime:0.000691s ]
INFO: [ app_end ] --END-- [ RunTime:0.000748s ]

[ 2017-12-18T01:23:39+08:00 ] 127.0.0.1 /sp_shop/Cart/changeNum.html
INFO: [ app_begin ] --START--
INFO: Run Behavior\ReadHtmlCacheBehavior [ RunTime:0.000817s ]
INFO: [ app_begin ] --END-- [ RunTime:0.001482s ]
SQL: SHOW COLUMNS FROM `shopcart` [ RunTime:0.143410s ]
SQL: UPDATE `shopcart` SET `num`=6 WHERE ( scid=10 and uid=20 ) [ RunTime:0.115993s ]

[ 2017-12-18T01:32:25+08:00 ] 127.0.0.1 /sp_shop/Cart/defaultChecked.html
INFO: [ app_begin ] --START--
INFO: Run Behavior\ReadHtmlCacheBehavior [ RunTime:0.000904s ]
INFO: [ app_begin ] --END-- [ RunTime:0.001531s ]
SQL: SHOW COLUMNS FROM `shopcart` [ RunTime:0.035634s ]
SQL: UPDATE `shopcart` SET `checked`=1 WHERE ( uid=20 ) [ RunTime:0.000629s ]
INFO: [ app_end ] --START--
INFO: Run Behavior\ShowPageTraceBehavior [ RunTime:0.001452s ]
INFO: [ app_end ] --END-- [ RunTime:0.001552s ]

[ 2017-12-18T01:33:46+08:00 ] 127.0.0.1 /sp_shop/Cart/defaultChecked.html
INFO: [ app_begin ] --START--
INFO: Run Behavior\ReadHtmlCacheBehavior [ RunTime:0.001175s ]
INFO: [ app_begin ] --END-- [ RunTime:0.002094s ]
SQL: SHOW COLUMNS FROM `shopcart` [ RunTime:0.006571s ]
SQL: UPDATE `shopcart` SET `checked`=1 WHERE ( uid=20 ) [ RunTime:0.000659s ]
INFO: [ app_end ] --START--
INFO: Run Behavior\ShowPageTraceBehavior [ RunTime:0.001544s ]
INFO: [ app_end ] --END-- [ RunTime:0.001707s ]

[ 2017-12-18T01:37:36+08:00 ] 127.0.0.1 /sp_shop/Cart/defaultChecked.html
INFO: [ app_begin ] --START--
INFO: Run Behavior\ReadHtmlCacheBehavior [ RunTime:0.000886s ]
INFO: [ app_begin ] --END-- [ RunTime:0.001703s ]
SQL: SHOW COLUMNS FROM `shopcart` [ RunTime:0.005437s ]
SQL: UPDATE `shopcart` SET `checked`=1 WHERE ( uid=20 ) [ RunTime:0.000277s ]
INFO: [ app_end ] --START--
INFO: Run Behavior\ShowPageTraceBehavior [ RunTime:0.000830s ]
INFO: [ app_end ] --END-- [ RunTime:0.001007s ]

[ 2017-12-18T01:41:22+08:00 ] 127.0.0.1 /sp_shop/Cart/defaultChecked.html
INFO: [ app_begin ] --START--
INFO: Run Behavior\ReadHtmlCacheBehavior [ RunTime:0.000749s ]
INFO: [ app_begin ] --END-- [ RunTime:0.001367s ]
SQL: SHOW COLUMNS FROM `shopcart` [ RunTime:0.008913s ]
SQL: UPDATE `shopcart` SET `checked`=1 WHERE ( uid=20 ) [ RunTime:0.000740s ]
INFO: [ app_end ] --START--
INFO: Run Behavior\ShowPageTraceBehavior [ RunTime:0.001326s ]
INFO: [ app_end ] --END-- [ RunTime:0.001443s ]

[ 2017-12-18T01:41:23+08:00 ] 127.0.0.1 /sp_shop/Cart/defaultChecked.html
INFO: [ app_begin ] --START--
INFO: Run Behavior\ReadHtmlCacheBehavior [ RunTime:0.000988s ]
INFO: [ app_begin ] --END-- [ RunTime:0.001836s ]
SQL: SHOW COLUMNS FROM `shopcart` [ RunTime:0.003900s ]
SQL: UPDATE `shopcart` SET `checked`=1 WHERE ( uid=20 ) [ RunTime:0.000330s ]
INFO: [ app_end ] --START--
INFO: Run Behavior\ShowPageTraceBehavior [ RunTime:0.000703s ]
INFO: [ app_end ] --END-- [ RunTime:0.000773s ]

[ 2017-12-18T01:43:56+08:00 ] 127.0.0.1 /sp_shop/Cart/defaultChecked.html
INFO: [ app_begin ] --START--
INFO: Run Behavior\ReadHtmlCacheBehavior [ RunTime:0.000944s ]
INFO: [ app_begin ] --END-- [ RunTime:0.001641s ]
SQL: SHOW COLUMNS FROM `shopcart` [ RunTime:0.004859s ]
SQL: UPDATE `shopcart` SET `checked`=1 WHERE ( uid=20 ) [ RunTime:0.000402s ]
INFO: [ app_end ] --START--
INFO: Run Behavior\ShowPageTraceBehavior [ RunTime:0.001011s ]
INFO: [ app_end ] --END-- [ RunTime:0.001099s ]

