[ 2018-12-12T15:57:48+08:00 ] ::1 /bookstore/
ERR: 无法加载控制器:Index

[ 2018-12-12T15:59:27+08:00 ] ::1 /bookstore/iphonex.txt
ERR: 无法加载控制器:Iphonex.txt

[ 2018-12-12T15:59:32+08:00 ] ::1 /bookstore/iphonex.txt
ERR: 无法加载控制器:Iphonex.txt

[ 2018-12-12T15:59:33+08:00 ] ::1 /bookstore/iphonex.txt
ERR: 无法加载控制器:Iphonex.txt

[ 2018-12-12T16:01:33+08:00 ] ::1 /bookstore/
ERR: 无法加载控制器:Index

[ 2018-12-12T16:02:03+08:00 ] ::1 /bookstore/
ERR: 无法加载控制器:Index

[ 2018-12-12T16:02:19+08:00 ] ::1 /bookstore/
ERR: 无法加载控制器:Index

[ 2018-12-12T16:02:53+08:00 ] ::1 /bookstore/
ERR: 无法加载控制器:Index

[ 2018-12-12T16:22:23+08:00 ] ::1 /bookstore/
ERR: 无法加载控制器:Index

[ 2018-12-12T16:28:59+08:00 ] ::1 /bookstore/
ERR: 无法加载控制器:Index

[ 2018-12-12T16:30:31+08:00 ] ::1 /bookstore/
ERR: 无法加载控制器:Index

[ 2018-12-12T16:31:56+08:00 ] ::1 /bookstore/
ERR: 无法加载控制器:Index

[ 2018-12-12T16:32:28+08:00 ] ::1 /bookstore/
ERR: 无法加载控制器:Index

[ 2018-12-12T16:34:57+08:00 ] ::1 /bookstore/
ERR: 无法加载控制器:Index

[ 2018-12-12T16:36:15+08:00 ] ::1 /bookstore/
ERR: 无法加载控制器:Index

[ 2018-12-12T16:38:02+08:00 ] ::1 /bookstore/
ERR: 无法加载控制器:Index

[ 2018-12-12T16:48:36+08:00 ] ::1 /bookstore/
ERR: 无法加载控制器:Index

[ 2018-12-12T16:49:59+08:00 ] ::1 /bookstore/
ERR: 无法加载控制器:Index

[ 2018-12-12T16:50:34+08:00 ] ::1 /bookstore/
ERR: 无法加载控制器:Index

[ 2018-12-12T16:51:15+08:00 ] ::1 /bookstore/
ERR: 无法加载控制器:Index

[ 2018-12-12T16:51:35+08:00 ] ::1 /bookstore/
ERR: 无法加载控制器:Index

[ 2018-12-12T16:52:27+08:00 ] ::1 /bookstore/
ERR: 无法加载控制器:Index

[ 2018-12-12T16:52:46+08:00 ] ::1 /bookstore/
ERR: 无法加载控制器:Index

[ 2018-12-12T16:53:28+08:00 ] ::1 /bookstore/
ERR: 无法加载控制器:Index

[ 2018-12-12T17:01:23+08:00 ] ::1 /bookstore/
ERR: 无法加载控制器:Index

[ 2018-12-12T17:02:20+08:00 ] ::1 /bookstore/
ERR: 无法加载控制器:Index

[ 2018-12-12T17:02:50+08:00 ] ::1 /bookstore/
ERR: 无法加载控制器:Index

[ 2018-12-12T17:03:38+08:00 ] ::1 /bookstore/
ERR: 无法加载控制器:Index

[ 2018-12-12T17:26:28+08:00 ] ::1 /bookstore/
ERR: 无法加载控制器:Index

[ 2018-12-12T17:27:16+08:00 ] ::1 /bookstore/
ERR: 无法加载控制器:Index

[ 2018-12-12T17:27:27+08:00 ] ::1 /bookstore/
ERR: 无法加载控制器:Index

[ 2018-12-12T17:37:17+08:00 ] ::1 /bookstore/
ERR: 无法加载控制器:Index

[ 2018-12-12T17:37:17+08:00 ] ::1 /bookstore/index.php
ERR: 无法加载控制器:Index

[ 2018-12-12T17:38:01+08:00 ] ::1 /bookstore/
ERR: 无法加载控制器:Index

[ 2018-12-12T17:39:52+08:00 ] ::1 /bookstore/
ERR: 无法加载控制器:Index

[ 2018-12-12T17:46:10+08:00 ] ::1 /bookstore/
ERR: 无法加载控制器:Index

[ 2018-12-12T17:50:26+08:00 ] ::1 /bookstore/
ERR: 无法加载控制器:Index

[ 2018-12-12T18:27:47+08:00 ] ::1 /bookstore/iphonex.txt
ERR: 无法加载控制器:Iphonex.txt

[ 2018-12-12T18:28:01+08:00 ] ::1 /bookstore/iphonex.txt
ERR: 无法加载控制器:Iphonex.txt

