[ 2018-12-10T10:53:52+08:00 ] ::1 /bookstore/Admin/Bookindex/addbookindex
ERR: 1048:Column 'claid' cannot be null
 [ SQL语句 ] : INSERT INTO `book` (`claid`) VALUES (NULL)

[ 2018-12-10T10:58:36+08:00 ] ::1 /bookstore/Admin/Bookindex/addbookindex.html
ERR: 1048:Column 'claid' cannot be null
 [ SQL语句 ] : INSERT INTO `book` (`claid`,`title`,`image`,`author`,`publisher`,`price`,`discount`) VALUES (NULL,'test3','add.png','13213123','123123123','500','5')

[ 2018-12-10T11:07:27+08:00 ] ::1 /bookstore/Admin/Bookindex/addbookindex
ERR: 1048:Column 'claid' cannot be null
 [ SQL语句 ] : INSERT INTO `book` (`claid`) VALUES (NULL)

[ 2018-12-10T11:08:07+08:00 ] ::1 /bookstore/Admin/Bookindex/addbookindex
ERR: 1048:Column 'claid' cannot be null
 [ SQL语句 ] : INSERT INTO `book` (`claid`) VALUES (NULL)

[ 2018-12-10T11:12:34+08:00 ] ::1 /bookstore/Admin/Bookindex/addbookindex
ERR: 1048:Column 'claid' cannot be null
 [ SQL语句 ] : INSERT INTO `book` (`claid`) VALUES (NULL)

[ 2018-12-10T11:13:41+08:00 ] ::1 /bookstore/Admin/Bookindex/addbookindex
ERR: 1048:Column 'claid' cannot be null
 [ SQL语句 ] : INSERT INTO `book` (`claid`) VALUES (NULL)

[ 2018-12-10T11:49:21+08:00 ] ::1 /bookstore/Admin/Bookindex/addbookindex.html
ERR: 1054:Unknown column '外语' in 'where clause'
 [ SQL语句 ] : SELECT * FROM `sort` WHERE ( 外语 ) 

[ 2018-12-10T16:37:15+08:00 ] ::1 /bookstore/Admin/Index/Detailpic/detailpic
ERR: 非法操作:Detailpic

[ 2018-12-10T16:37:24+08:00 ] ::1 /bookstore/Admin/Detailpic/detailpic
ERR: 无法加载控制器:Detailpic

[ 2018-12-10T16:37:57+08:00 ] ::1 /bookstore/Admin/Detailpic/detailpic
ERR: 无法加载控制器:Detailpic

[ 2018-12-10T16:37:59+08:00 ] ::1 /bookstore/Admin/Detailpic/detailpic
ERR: 无法加载控制器:Detailpic

[ 2018-12-10T17:25:17+08:00 ] ::1 /bookstore/Admin/Mauser/mauser.html
ERR: 1054:Unknown column 'claid' in 'where clause'
 [ SQL语句 ] : SELECT COUNT(*) AS tp_count FROM `user` WHERE ( claid>=0 ) LIMIT 1  

[ 2018-12-10T17:25:37+08:00 ] ::1 /bookstore/Admin/Mauser/mauser.html
ERR: 1054:Unknown column 'claid' in 'order clause'
 [ SQL语句 ] : SELECT `id`,`nickName`,`avatarUrl`,`city`,`country`,`gender`,`language`,`province`,`code`,`openid` FROM `user` WHERE ( id>=0 ) ORDER BY claid LIMIT 0,8  

