[ 2018-11-01T09:22:56+08:00 ] ::1 /Fun/Admin/Index/static/h-ui.admin/css/H-ui.admin.css
ERR: 非法操作:static

[ 2018-11-01T09:22:56+08:00 ] ::1 /Fun/Admin/Index/static/h-ui.admin/skin/default/skin.css
ERR: 非法操作:static

[ 2018-11-01T09:22:56+08:00 ] ::1 /Fun/Admin/Index/static/h-ui.admin/css/style.css
ERR: 非法操作:static

[ 2018-11-01T09:22:56+08:00 ] ::1 /Fun/Admin/Index/lib/Hui-iconfont/1.0.8/iconfont.css
ERR: 非法操作:lib

[ 2018-11-01T09:22:56+08:00 ] ::1 /Fun/Admin/Index/static/h-ui/css/H-ui.min.css
ERR: 非法操作:static

[ 2018-11-01T09:22:56+08:00 ] ::1 /Fun/Admin/Index/lib/jquery/1.9.1/jquery.min.js
ERR: 非法操作:lib

[ 2018-11-01T09:22:56+08:00 ] ::1 /Fun/Admin/Index/lib/layer/2.4/layer.js
ERR: 非法操作:lib

[ 2018-11-01T09:22:56+08:00 ] ::1 /Fun/Admin/Index/static/h-ui/js/H-ui.min.js
ERR: 非法操作:static

[ 2018-11-01T09:22:56+08:00 ] ::1 /Fun/Admin/Index/welcome.html
ERR: 非法操作:welcome

[ 2018-11-01T09:22:56+08:00 ] ::1 /Fun/Admin/Index/lib/jquery.contextmenu/jquery.contextmenu.r2.js
ERR: 非法操作:lib

[ 2018-11-01T09:22:56+08:00 ] ::1 /Fun/Admin/Index/static/h-ui.admin/js/H-ui.admin.js
ERR: 非法操作:static

[ 2018-11-01T09:22:56+08:00 ] ::1 /Fun/Admin/Index/lib/jquery.contextmenu/jquery.contextmenu.r2.js
ERR: 非法操作:lib

[ 2018-11-01T09:23:40+08:00 ] ::1 /Fun/Admin/Index/lib/jquery/1.9.1/jquery.min.js
ERR: 非法操作:lib

[ 2018-11-01T09:23:40+08:00 ] ::1 /Fun/Admin/Index/lib/layer/2.4/layer.js
ERR: 非法操作:lib

[ 2018-11-01T09:23:40+08:00 ] ::1 /Fun/Admin/Index/static/h-ui/js/H-ui.min.js
ERR: 非法操作:static

[ 2018-11-01T09:23:40+08:00 ] ::1 /Fun/Admin/Index/welcome.html
ERR: 非法操作:welcome

[ 2018-11-01T09:23:40+08:00 ] ::1 /Fun/Admin/Index/static/h-ui.admin/js/H-ui.admin.js
ERR: 非法操作:static

[ 2018-11-01T09:23:40+08:00 ] ::1 /Fun/Admin/Index/lib/jquery.contextmenu/jquery.contextmenu.r2.js
ERR: 非法操作:lib

[ 2018-11-01T09:23:40+08:00 ] ::1 /Fun/Admin/Index/lib/layer/2.4/layer.js
ERR: 非法操作:lib

[ 2018-11-01T09:23:40+08:00 ] ::1 /Fun/Admin/Index/static/h-ui/js/H-ui.min.js
ERR: 非法操作:static

[ 2018-11-01T09:23:40+08:00 ] ::1 /Fun/Admin/Index/static/h-ui.admin/js/H-ui.admin.js
ERR: 非法操作:static

[ 2018-11-01T09:23:40+08:00 ] ::1 /Fun/Admin/Index/lib/jquery.contextmenu/jquery.contextmenu.r2.js
ERR: 非法操作:lib

[ 2018-11-01T09:25:47+08:00 ] ::1 /Fun/Admin/Index/lib/jquery/1.9.1/jquery.min.js
ERR: 非法操作:lib

[ 2018-11-01T09:25:47+08:00 ] ::1 /Fun/Admin/Index/lib/layer/2.4/layer.js
ERR: 非法操作:lib

[ 2018-11-01T09:25:47+08:00 ] ::1 /Fun/Admin/Index/lib/jquery.contextmenu/jquery.contextmenu.r2.js
ERR: 非法操作:lib

[ 2018-11-01T09:25:47+08:00 ] ::1 /Fun/Admin/Index/static/h-ui/js/H-ui.min.js
ERR: 非法操作:static

[ 2018-11-01T09:25:47+08:00 ] ::1 /Fun/Admin/Index/static/h-ui.admin/js/H-ui.admin.js
ERR: 非法操作:static

[ 2018-11-01T09:25:47+08:00 ] ::1 /Fun/Admin/Index/welcome.html
ERR: 非法操作:welcome

[ 2018-11-01T09:25:47+08:00 ] ::1 /Fun/Admin/Index/lib/layer/2.4/layer.js
ERR: 非法操作:lib

[ 2018-11-01T09:25:47+08:00 ] ::1 /Fun/Admin/Index/static/h-ui/js/H-ui.min.js
ERR: 非法操作:static

[ 2018-11-01T09:25:47+08:00 ] ::1 /Fun/Admin/Index/static/h-ui.admin/js/H-ui.admin.js
ERR: 非法操作:static

[ 2018-11-01T09:25:47+08:00 ] ::1 /Fun/Admin/Index/lib/jquery.contextmenu/jquery.contextmenu.r2.js
ERR: 非法操作:lib

[ 2018-11-01T09:26:03+08:00 ] ::1 /Fun/Admin/Index/lib/layer/2.4/layer.js
ERR: 非法操作:lib

[ 2018-11-01T09:26:03+08:00 ] ::1 /Fun/Admin/Index/lib/jquery/1.9.1/jquery.min.js
ERR: 非法操作:lib

[ 2018-11-01T09:26:03+08:00 ] ::1 /Fun/Admin/Index/lib/jquery.contextmenu/jquery.contextmenu.r2.js
ERR: 非法操作:lib

[ 2018-11-01T09:26:03+08:00 ] ::1 /Fun/Admin/Index/static/h-ui.admin/js/H-ui.admin.js
ERR: 非法操作:static

[ 2018-11-01T09:26:03+08:00 ] ::1 /Fun/Admin/Index/static/h-ui/js/H-ui.min.js
ERR: 非法操作:static

[ 2018-11-01T09:26:03+08:00 ] ::1 /Fun/Admin/Index/welcome.html
ERR: 非法操作:welcome

[ 2018-11-01T09:26:03+08:00 ] ::1 /Fun/Admin/Index/lib/layer/2.4/layer.js
ERR: 非法操作:lib

[ 2018-11-01T09:26:03+08:00 ] ::1 /Fun/Admin/Index/static/h-ui/js/H-ui.min.js
ERR: 非法操作:static

[ 2018-11-01T09:26:03+08:00 ] ::1 /Fun/Admin/Index/static/h-ui.admin/js/H-ui.admin.js
ERR: 非法操作:static

[ 2018-11-01T09:26:03+08:00 ] ::1 /Fun/Admin/Index/lib/jquery.contextmenu/jquery.contextmenu.r2.js
ERR: 非法操作:lib

[ 2018-11-01T09:26:06+08:00 ] ::1 /Fun/Admin/Index/lib/jquery/1.9.1/jquery.min.js
ERR: 非法操作:lib

[ 2018-11-01T09:26:06+08:00 ] ::1 /Fun/Admin/Index/lib/jquery.contextmenu/jquery.contextmenu.r2.js
ERR: 非法操作:lib

[ 2018-11-01T09:26:06+08:00 ] ::1 /Fun/Admin/Index/static/h-ui/js/H-ui.min.js
ERR: 非法操作:static

[ 2018-11-01T09:26:06+08:00 ] ::1 /Fun/Admin/Index/welcome.html
ERR: 非法操作:welcome

[ 2018-11-01T09:26:06+08:00 ] ::1 /Fun/Admin/Index/static/h-ui.admin/js/H-ui.admin.js
ERR: 非法操作:static

[ 2018-11-01T09:26:06+08:00 ] ::1 /Fun/Admin/Index/lib/layer/2.4/layer.js
ERR: 非法操作:lib

[ 2018-11-01T09:26:06+08:00 ] ::1 /Fun/Admin/Index/static/h-ui/js/H-ui.min.js
ERR: 非法操作:static

[ 2018-11-01T09:26:06+08:00 ] ::1 /Fun/Admin/Index/static/h-ui.admin/js/H-ui.admin.js
ERR: 非法操作:static

[ 2018-11-01T09:26:06+08:00 ] ::1 /Fun/Admin/Index/lib/jquery.contextmenu/jquery.contextmenu.r2.js
ERR: 非法操作:lib

[ 2018-11-01T09:26:09+08:00 ] ::1 /Fun/Admin/Index/lib/jquery.contextmenu/jquery.contextmenu.r2.js
ERR: 非法操作:lib

[ 2018-11-01T09:26:09+08:00 ] ::1 /Fun/Admin/Index/welcome.html
ERR: 非法操作:welcome

[ 2018-11-01T09:26:09+08:00 ] ::1 /Fun/Admin/Index/static/h-ui/js/H-ui.min.js
ERR: 非法操作:static

[ 2018-11-01T09:26:09+08:00 ] ::1 /Fun/Admin/Index/lib/layer/2.4/layer.js
ERR: 非法操作:lib

[ 2018-11-01T09:26:09+08:00 ] ::1 /Fun/Admin/Index/lib/jquery/1.9.1/jquery.min.js
ERR: 非法操作:lib

[ 2018-11-01T09:26:09+08:00 ] ::1 /Fun/Admin/Index/static/h-ui.admin/js/H-ui.admin.js
ERR: 非法操作:static

[ 2018-11-01T09:26:09+08:00 ] ::1 /Fun/Admin/Index/lib/layer/2.4/layer.js
ERR: 非法操作:lib

[ 2018-11-01T09:26:09+08:00 ] ::1 /Fun/Admin/Index/static/h-ui/js/H-ui.min.js
ERR: 非法操作:static

[ 2018-11-01T09:26:09+08:00 ] ::1 /Fun/Admin/Index/static/h-ui.admin/js/H-ui.admin.js
ERR: 非法操作:static

[ 2018-11-01T09:26:09+08:00 ] ::1 /Fun/Admin/Index/lib/jquery.contextmenu/jquery.contextmenu.r2.js
ERR: 非法操作:lib

[ 2018-11-01T09:26:10+08:00 ] ::1 /Fun/Admin/Index/lib/jquery.contextmenu/jquery.contextmenu.r2.js
ERR: 非法操作:lib

[ 2018-11-01T09:26:10+08:00 ] ::1 /Fun/Admin/Index/lib/layer/2.4/layer.js
ERR: 非法操作:lib

[ 2018-11-01T09:26:10+08:00 ] ::1 /Fun/Admin/Index/welcome.html
ERR: 非法操作:welcome

[ 2018-11-01T09:26:10+08:00 ] ::1 /Fun/Admin/Index/lib/jquery/1.9.1/jquery.min.js
ERR: 非法操作:lib

[ 2018-11-01T09:26:10+08:00 ] ::1 /Fun/Admin/Index/static/h-ui.admin/js/H-ui.admin.js
ERR: 非法操作:static

[ 2018-11-01T09:26:10+08:00 ] ::1 /Fun/Admin/Index/static/h-ui/js/H-ui.min.js
ERR: 非法操作:static

[ 2018-11-01T09:26:10+08:00 ] ::1 /Fun/Admin/Index/lib/layer/2.4/layer.js
ERR: 非法操作:lib

[ 2018-11-01T09:26:10+08:00 ] ::1 /Fun/Admin/Index/static/h-ui/js/H-ui.min.js
ERR: 非法操作:static

[ 2018-11-01T09:26:10+08:00 ] ::1 /Fun/Admin/Index/static/h-ui.admin/js/H-ui.admin.js
ERR: 非法操作:static

[ 2018-11-01T09:26:10+08:00 ] ::1 /Fun/Admin/Index/lib/jquery.contextmenu/jquery.contextmenu.r2.js
ERR: 非法操作:lib

[ 2018-11-01T09:26:52+08:00 ] ::1 /Fun/Admin/Index/lib/layer/2.4/layer.js
ERR: 非法操作:lib

[ 2018-11-01T09:26:52+08:00 ] ::1 /Fun/Admin/Index/static/h-ui.admin/js/H-ui.admin.js
ERR: 非法操作:static

[ 2018-11-01T09:26:52+08:00 ] ::1 /Fun/Admin/Index/static/h-ui/js/H-ui.min.js
ERR: 非法操作:static

[ 2018-11-01T09:26:52+08:00 ] ::1 /Fun/Admin/Index/lib/jquery.contextmenu/jquery.contextmenu.r2.js
ERR: 非法操作:lib

[ 2018-11-01T09:26:52+08:00 ] ::1 /Fun/Admin/Index/welcome.html
ERR: 非法操作:welcome

[ 2018-11-01T09:26:52+08:00 ] ::1 /Fun/Admin/Index/lib/jquery/1.9.1/jquery.min.js
ERR: 非法操作:lib

[ 2018-11-01T09:26:52+08:00 ] ::1 /Fun/Admin/Index/lib/layer/2.4/layer.js
ERR: 非法操作:lib

[ 2018-11-01T09:26:53+08:00 ] ::1 /Fun/Admin/Index/static/h-ui/js/H-ui.min.js
ERR: 非法操作:static

[ 2018-11-01T09:26:53+08:00 ] ::1 /Fun/Admin/Index/static/h-ui.admin/js/H-ui.admin.js
ERR: 非法操作:static

[ 2018-11-01T09:26:53+08:00 ] ::1 /Fun/Admin/Index/lib/jquery.contextmenu/jquery.contextmenu.r2.js
ERR: 非法操作:lib

[ 2018-11-01T09:28:18+08:00 ] ::1 /Fun/Admin/Index/static/h-ui/js/H-ui.min.js
ERR: 非法操作:static

[ 2018-11-01T09:28:18+08:00 ] ::1 /Fun/Admin/Index/lib/jquery/1.9.1/jquery.min.js
ERR: 非法操作:lib

[ 2018-11-01T09:28:18+08:00 ] ::1 /Fun/Admin/Index/lib/jquery.contextmenu/jquery.contextmenu.r2.js
ERR: 非法操作:lib

[ 2018-11-01T09:28:18+08:00 ] ::1 /Fun/Admin/Index/lib/layer/2.4/layer.js
ERR: 非法操作:lib

[ 2018-11-01T09:28:18+08:00 ] ::1 /Fun/Admin/Index/welcome.html
ERR: 非法操作:welcome

[ 2018-11-01T09:28:18+08:00 ] ::1 /Fun/Admin/Index/static/h-ui.admin/js/H-ui.admin.js
ERR: 非法操作:static

[ 2018-11-01T09:28:18+08:00 ] ::1 /Fun/Admin/Index/static/h-ui/js/H-ui.min.js
ERR: 非法操作:static

[ 2018-11-01T09:28:18+08:00 ] ::1 /Fun/Admin/Index/static/h-ui.admin/js/H-ui.admin.js
ERR: 非法操作:static

[ 2018-11-01T09:28:18+08:00 ] ::1 /Fun/Admin/Index/lib/jquery.contextmenu/jquery.contextmenu.r2.js
ERR: 非法操作:lib

[ 2018-11-01T09:28:20+08:00 ] ::1 /Fun/Admin/Index/lib/jquery/1.9.1/jquery.min.js
ERR: 非法操作:lib

[ 2018-11-01T09:28:20+08:00 ] ::1 /Fun/Admin/Index/lib/layer/2.4/layer.js
ERR: 非法操作:lib

[ 2018-11-01T09:28:20+08:00 ] ::1 /Fun/Admin/Index/lib/jquery.contextmenu/jquery.contextmenu.r2.js
ERR: 非法操作:lib

[ 2018-11-01T09:28:20+08:00 ] ::1 /Fun/Admin/Index/static/h-ui.admin/js/H-ui.admin.js
ERR: 非法操作:static

[ 2018-11-01T09:28:20+08:00 ] ::1 /Fun/Admin/Index/welcome.html
ERR: 非法操作:welcome

[ 2018-11-01T09:28:20+08:00 ] ::1 /Fun/Admin/Index/static/h-ui/js/H-ui.min.js
ERR: 非法操作:static

[ 2018-11-01T09:28:20+08:00 ] ::1 /Fun/Admin/Index/static/h-ui.admin/js/H-ui.admin.js
ERR: 非法操作:static

[ 2018-11-01T09:28:20+08:00 ] ::1 /Fun/Admin/Index/lib/jquery.contextmenu/jquery.contextmenu.r2.js
ERR: 非法操作:lib

[ 2018-11-01T09:28:31+08:00 ] ::1 /Fun/Admin/Index/lib/jquery.contextmenu/jquery.contextmenu.r2.js
ERR: 非法操作:lib

[ 2018-11-01T09:28:31+08:00 ] ::1 /Fun/Admin/Index/lib/layer/2.4/layer.js
ERR: 非法操作:lib

[ 2018-11-01T09:28:31+08:00 ] ::1 /Fun/Admin/Index/welcome.html
ERR: 非法操作:welcome

[ 2018-11-01T09:28:31+08:00 ] ::1 /Fun/Admin/Index/static/h-ui/js/H-ui.min.js
ERR: 非法操作:static

[ 2018-11-01T09:28:31+08:00 ] ::1 /Fun/Admin/Index/lib/jquery/1.9.1/jquery.min.js
ERR: 非法操作:lib

[ 2018-11-01T09:28:31+08:00 ] ::1 /Fun/Admin/Index/static/h-ui.admin/js/H-ui.admin.js
ERR: 非法操作:static

[ 2018-11-01T09:28:31+08:00 ] ::1 /Fun/Admin/Index/lib/layer/2.4/layer.js
ERR: 非法操作:lib

[ 2018-11-01T09:28:31+08:00 ] ::1 /Fun/Admin/Index/static/h-ui/js/H-ui.min.js
ERR: 非法操作:static

[ 2018-11-01T09:28:31+08:00 ] ::1 /Fun/Admin/Index/static/h-ui.admin/js/H-ui.admin.js
ERR: 非法操作:static

[ 2018-11-01T09:28:31+08:00 ] ::1 /Fun/Admin/Index/lib/jquery.contextmenu/jquery.contextmenu.r2.js
ERR: 非法操作:lib

[ 2018-11-01T09:28:34+08:00 ] ::1 /Fun/Admin/Index/lib/jquery/1.9.1/jquery.min.js
ERR: 非法操作:lib

[ 2018-11-01T09:28:34+08:00 ] ::1 /Fun/Admin/Index/static/h-ui/js/H-ui.min.js
ERR: 非法操作:static

[ 2018-11-01T09:28:34+08:00 ] ::1 /Fun/Admin/Index/static/h-ui.admin/js/H-ui.admin.js
ERR: 非法操作:static

[ 2018-11-01T09:28:34+08:00 ] ::1 /Fun/Admin/Index/lib/layer/2.4/layer.js
ERR: 非法操作:lib

[ 2018-11-01T09:28:34+08:00 ] ::1 /Fun/Admin/Index/lib/jquery.contextmenu/jquery.contextmenu.r2.js
ERR: 非法操作:lib

[ 2018-11-01T09:28:34+08:00 ] ::1 /Fun/Admin/Index/welcome.html
ERR: 非法操作:welcome

[ 2018-11-01T09:28:34+08:00 ] ::1 /Fun/Admin/Index/lib/jquery/1.9.1/jquery.min.js
ERR: 非法操作:lib

[ 2018-11-01T09:28:34+08:00 ] ::1 /Fun/Admin/Index/lib/layer/2.4/layer.js
ERR: 非法操作:lib

[ 2018-11-01T09:28:34+08:00 ] ::1 /Fun/Admin/Index/static/h-ui/js/H-ui.min.js
ERR: 非法操作:static

[ 2018-11-01T09:28:34+08:00 ] ::1 /Fun/Admin/Index/static/h-ui.admin/js/H-ui.admin.js
ERR: 非法操作:static

[ 2018-11-01T09:28:34+08:00 ] ::1 /Fun/Admin/Index/lib/jquery.contextmenu/jquery.contextmenu.r2.js
ERR: 非法操作:lib

[ 2018-11-01T09:28:54+08:00 ] ::1 /Fun/Admin/Index/lib/jquery.contextmenu/jquery.contextmenu.r2.js
ERR: 非法操作:lib

[ 2018-11-01T09:28:54+08:00 ] ::1 /Fun/Admin/Index/static/h-ui.admin/js/H-ui.admin.js
ERR: 非法操作:static

[ 2018-11-01T09:28:54+08:00 ] ::1 /Fun/Admin/Index/lib/layer/2.4/layer.js
ERR: 非法操作:lib

[ 2018-11-01T09:28:54+08:00 ] ::1 /Fun/Admin/Index/static/h-ui/js/H-ui.min.js
ERR: 非法操作:static

[ 2018-11-01T09:28:54+08:00 ] ::1 /Fun/Admin/Index/welcome.html
ERR: 非法操作:welcome

[ 2018-11-01T09:28:54+08:00 ] ::1 /Fun/Admin/Index/lib/jquery/1.9.1/jquery.min.js
ERR: 非法操作:lib

[ 2018-11-01T09:28:54+08:00 ] ::1 /Fun/Admin/Index/lib/layer/2.4/layer.js
ERR: 非法操作:lib

[ 2018-11-01T09:28:54+08:00 ] ::1 /Fun/Admin/Index/static/h-ui/js/H-ui.min.js
ERR: 非法操作:static

[ 2018-11-01T09:28:54+08:00 ] ::1 /Fun/Admin/Index/static/h-ui.admin/js/H-ui.admin.js
ERR: 非法操作:static

[ 2018-11-01T09:28:54+08:00 ] ::1 /Fun/Admin/Index/lib/jquery.contextmenu/jquery.contextmenu.r2.js
ERR: 非法操作:lib

[ 2018-11-01T09:28:58+08:00 ] ::1 /Fun/Admin/Index/lib/jquery/1.9.1/jquery.min.js
ERR: 非法操作:lib

[ 2018-11-01T09:28:58+08:00 ] ::1 /Fun/Admin/Index/static/h-ui.admin/js/H-ui.admin.js
ERR: 非法操作:static

[ 2018-11-01T09:28:58+08:00 ] ::1 /Fun/Admin/Index/lib/layer/2.4/layer.js
ERR: 非法操作:lib

[ 2018-11-01T09:28:58+08:00 ] ::1 /Fun/Admin/Index/lib/jquery.contextmenu/jquery.contextmenu.r2.js
ERR: 非法操作:lib

[ 2018-11-01T09:28:58+08:00 ] ::1 /Fun/Admin/Index/welcome.html
ERR: 非法操作:welcome

[ 2018-11-01T09:28:58+08:00 ] ::1 /Fun/Admin/Index/static/h-ui/js/H-ui.min.js
ERR: 非法操作:static

[ 2018-11-01T09:28:58+08:00 ] ::1 /Fun/Admin/Index/static/h-ui.admin/js/H-ui.admin.js
ERR: 非法操作:static

[ 2018-11-01T09:28:58+08:00 ] ::1 /Fun/Admin/Index/lib/jquery.contextmenu/jquery.contextmenu.r2.js
ERR: 非法操作:lib

[ 2018-11-01T09:29:32+08:00 ] ::1 /Fun/Admin/Index/lib/layer/2.4/layer.js
ERR: 非法操作:lib

[ 2018-11-01T09:29:32+08:00 ] ::1 /Fun/Admin/Index/welcome.html
ERR: 非法操作:welcome

[ 2018-11-01T09:29:32+08:00 ] ::1 /Fun/Admin/Index/static/h-ui/js/H-ui.min.js
ERR: 非法操作:static

[ 2018-11-01T09:29:32+08:00 ] ::1 /Fun/Admin/Index/lib/jquery.contextmenu/jquery.contextmenu.r2.js
ERR: 非法操作:lib

[ 2018-11-01T09:29:32+08:00 ] ::1 /Fun/Admin/Index/lib/jquery/1.9.1/jquery.min.js
ERR: 非法操作:lib

[ 2018-11-01T09:29:32+08:00 ] ::1 /Fun/Admin/Index/static/h-ui.admin/js/H-ui.admin.js
ERR: 非法操作:static

[ 2018-11-01T09:29:32+08:00 ] ::1 /Fun/Admin/Index/lib/layer/2.4/layer.js
ERR: 非法操作:lib

[ 2018-11-01T09:29:32+08:00 ] ::1 /Fun/Admin/Index/static/h-ui/js/H-ui.min.js
ERR: 非法操作:static

[ 2018-11-01T09:29:32+08:00 ] ::1 /Fun/Admin/Index/static/h-ui.admin/js/H-ui.admin.js
ERR: 非法操作:static

[ 2018-11-01T09:29:32+08:00 ] ::1 /Fun/Admin/Index/lib/jquery.contextmenu/jquery.contextmenu.r2.js
ERR: 非法操作:lib

[ 2018-11-01T09:29:51+08:00 ] ::1 /Fun/Admin/Index/lib/jquery.contextmenu/jquery.contextmenu.r2.js
ERR: 非法操作:lib

[ 2018-11-01T09:29:51+08:00 ] ::1 /Fun/Admin/Index/static/h-ui.admin/js/H-ui.admin.js
ERR: 非法操作:static

[ 2018-11-01T09:29:51+08:00 ] ::1 /Fun/Admin/Index/static/h-ui/js/H-ui.min.js
ERR: 非法操作:static

[ 2018-11-01T09:29:51+08:00 ] ::1 /Fun/Admin/Index/lib/layer/2.4/layer.js
ERR: 非法操作:lib

[ 2018-11-01T09:29:51+08:00 ] ::1 /Fun/Admin/Index/welcome.html
ERR: 非法操作:welcome

[ 2018-11-01T09:29:51+08:00 ] ::1 /Fun/Admin/Index/lib/jquery/1.9.1/jquery.min.js
ERR: 非法操作:lib

[ 2018-11-01T09:29:51+08:00 ] ::1 /Fun/Admin/Index/lib/layer/2.4/layer.js
ERR: 非法操作:lib

[ 2018-11-01T09:29:51+08:00 ] ::1 /Fun/Admin/Index/static/h-ui/js/H-ui.min.js
ERR: 非法操作:static

[ 2018-11-01T09:29:51+08:00 ] ::1 /Fun/Admin/Index/static/h-ui.admin/js/H-ui.admin.js
ERR: 非法操作:static

[ 2018-11-01T09:29:51+08:00 ] ::1 /Fun/Admin/Index/lib/jquery.contextmenu/jquery.contextmenu.r2.js
ERR: 非法操作:lib

[ 2018-11-01T09:31:29+08:00 ] ::1 /Fun/Admin/Index/welcome.html
ERR: 非法操作:welcome

[ 2018-11-01T09:32:57+08:00 ] ::1 /Fun/Admin/Index/welcome.html
ERR: 非法操作:welcome

[ 2018-11-01T09:33:26+08:00 ] ::1 /Fun/Admin/Index/welcome.html
ERR: 非法操作:welcome

[ 2018-11-01T09:33:27+08:00 ] ::1 /Fun/Admin/Index/welcome.html
ERR: 非法操作:welcome

[ 2018-11-01T09:34:09+08:00 ] ::1 /Fun/Admin/Index/charts-1.html
ERR: 非法操作:charts-1

[ 2018-11-01T09:34:09+08:00 ] ::1 /Fun/Admin/Index/charts-2.html
ERR: 非法操作:charts-2

[ 2018-11-01T09:34:10+08:00 ] ::1 /Fun/Admin/Index/charts-3.html
ERR: 非法操作:charts-3

[ 2018-11-01T09:34:11+08:00 ] ::1 /Fun/Admin/Index/charts-2.html
ERR: 非法操作:charts-2

[ 2018-11-01T09:36:48+08:00 ] ::1 /Fun/Admin/Index/welcome.html
ERR: 非法操作:welcome

[ 2018-11-01T09:37:27+08:00 ] ::1 /Fun/Admin/Index/welcome.html
ERR: 非法操作:welcome

[ 2018-11-01T09:39:12+08:00 ] ::1 /Fun/Admin/Welcome/lib/jquery/1.9.1/jquery.min.js
ERR: 非法操作:lib

[ 2018-11-01T09:39:12+08:00 ] ::1 /Fun/Admin/Welcome/static/h-ui/js/H-ui.min.js
ERR: 非法操作:static

[ 2018-11-01T09:39:17+08:00 ] ::1 /Fun/Admin/Index/article-list.html
ERR: 非法操作:article-list

[ 2018-11-01T09:39:22+08:00 ] ::1 /Fun/Admin/Index/article-list.html
ERR: 非法操作:article-list

[ 2018-11-01T09:44:29+08:00 ] ::1 /Fun/Admin/Welcome/static/h-ui/js/H-ui.min.js
ERR: 非法操作:static

[ 2018-11-01T09:44:29+08:00 ] ::1 /Fun/Admin/Welcome/lib/jquery/1.9.1/jquery.min.js
ERR: 非法操作:lib

[ 2018-11-01T09:44:29+08:00 ] ::1 /Fun/Admin/Welcome/static/h-ui/js/H-ui.min.js
ERR: 非法操作:static

[ 2018-11-01T09:44:50+08:00 ] ::1 /Fun/Admin/Welcome/static/h-ui/js/H-ui.min.js
ERR: 非法操作:static

[ 2018-11-01T09:44:50+08:00 ] ::1 /Fun/Admin/Welcome/lib/jquery/1.9.1/jquery.min.js
ERR: 非法操作:lib

[ 2018-11-01T09:44:50+08:00 ] ::1 /Fun/Admin/Welcome/static/h-ui/js/H-ui.min.js
ERR: 非法操作:static

[ 2018-11-01T09:47:31+08:00 ] ::1 /Fun/Admin/Index/article-list.html
ERR: 非法操作:article-list

