[ 2018-12-18T09:43:11+08:00 ] ::1 /bookstore/Admin/Detailpic/selbookt
INFO: [ app_begin ] --START--
INFO: Run Behavior\ReadHtmlCacheBehavior [ RunTime:0.000540s ]
INFO: [ app_begin ] --END-- [ RunTime:0.000832s ]
SQL: SHOW COLUMNS FROM `sort` [ RunTime:0.0142s ]
SQL: SHOW COLUMNS FROM `book` [ RunTime:0.0136s ]
NOTIC: [2] Missing argument 1 for Think\Model::where(), called in D:\phpwork\myphp_www\PHPTutorial\WWW\bookstore\Application\Admin\Controller\DetailpicController.class.php on line 45 and defined D:\phpwork\myphp_www\PHPTutorial\WWW\bookstore\ThinkPHP\Library\Think\Model.class.php 第 1797 行.
NOTIC: [8] Undefined variable: where D:\phpwork\myphp_www\PHPTutorial\WWW\bookstore\ThinkPHP\Library\Think\Model.class.php 第 1805 行.
NOTIC: [8] Undefined variable: where D:\phpwork\myphp_www\PHPTutorial\WWW\bookstore\ThinkPHP\Library\Think\Model.class.php 第 1808 行.
NOTIC: [8] Undefined variable: where D:\phpwork\myphp_www\PHPTutorial\WWW\bookstore\ThinkPHP\Library\Think\Model.class.php 第 1816 行.
SQL: SELECT * FROM `sort`  [ RunTime:0.0008s ]
SQL: SELECT * FROM `book` WHERE `claid` = 1  [ RunTime:0.0010s ]
SQL: SELECT * FROM `book` WHERE `claid` = 2  [ RunTime:0.0008s ]
SQL: SELECT * FROM `book` WHERE `claid` = 3  [ RunTime:0.0004s ]
SQL: SELECT * FROM `book` WHERE `claid` = 4  [ RunTime:0.0004s ]
SQL: SELECT * FROM `book` WHERE `claid` = 5  [ RunTime:0.0004s ]
SQL: SELECT * FROM `book` WHERE `claid` = 6  [ RunTime:0.0004s ]
SQL: SELECT * FROM `book` WHERE `claid` = 7  [ RunTime:0.0004s ]
SQL: SELECT * FROM `book` WHERE `claid` = 8  [ RunTime:0.0004s ]
SQL: SELECT * FROM `book` WHERE `claid` = 9  [ RunTime:0.0004s ]
SQL: SELECT * FROM `book` WHERE `claid` = 10  [ RunTime:0.0004s ]
SQL: SELECT * FROM `book` WHERE `claid` = 11  [ RunTime:0.0004s ]
SQL: SELECT * FROM `book` WHERE `claid` = 12  [ RunTime:0.0005s ]
SQL: SELECT * FROM `book` WHERE `claid` = 15  [ RunTime:0.0004s ]
SQL: SELECT * FROM `sort` WHERE `cate_name` = '外语'  [ RunTime:0.0003s ]
SQL: SELECT * FROM `book` WHERE `claid` = 3  [ RunTime:0.0004s ]

[ 2018-12-18T09:47:19+08:00 ] ::1 /bookstore/Admin/Detailpic/selbookt
INFO: [ app_begin ] --START--
INFO: Run Behavior\ReadHtmlCacheBehavior [ RunTime:0.000365s ]
INFO: [ app_begin ] --END-- [ RunTime:0.000656s ]
SQL: SHOW COLUMNS FROM `sort` [ RunTime:0.0123s ]
SQL: SHOW COLUMNS FROM `book` [ RunTime:0.0106s ]
NOTIC: [2] Missing argument 1 for Think\Model::where(), called in D:\phpwork\myphp_www\PHPTutorial\WWW\bookstore\Application\Admin\Controller\DetailpicController.class.php on line 45 and defined D:\phpwork\myphp_www\PHPTutorial\WWW\bookstore\ThinkPHP\Library\Think\Model.class.php 第 1797 行.
NOTIC: [8] Undefined variable: where D:\phpwork\myphp_www\PHPTutorial\WWW\bookstore\ThinkPHP\Library\Think\Model.class.php 第 1805 行.
NOTIC: [8] Undefined variable: where D:\phpwork\myphp_www\PHPTutorial\WWW\bookstore\ThinkPHP\Library\Think\Model.class.php 第 1808 行.
NOTIC: [8] Undefined variable: where D:\phpwork\myphp_www\PHPTutorial\WWW\bookstore\ThinkPHP\Library\Think\Model.class.php 第 1816 行.
SQL: SELECT * FROM `sort`  [ RunTime:0.0010s ]
SQL: SELECT * FROM `book` WHERE `claid` = 16  [ RunTime:0.0009s ]
SQL: SELECT * FROM `book` WHERE `claid` = 1  [ RunTime:0.0010s ]
SQL: SELECT * FROM `book` WHERE `claid` = 2  [ RunTime:0.0010s ]
SQL: SELECT * FROM `book` WHERE `claid` = 3  [ RunTime:0.0007s ]
SQL: SELECT * FROM `book` WHERE `claid` = 4  [ RunTime:0.0005s ]
SQL: SELECT * FROM `book` WHERE `claid` = 5  [ RunTime:0.0006s ]
SQL: SELECT * FROM `book` WHERE `claid` = 6  [ RunTime:0.0006s ]
SQL: SELECT * FROM `book` WHERE `claid` = 7  [ RunTime:0.0006s ]
SQL: SELECT * FROM `book` WHERE `claid` = 8  [ RunTime:0.0005s ]
SQL: SELECT * FROM `book` WHERE `claid` = 9  [ RunTime:0.0005s ]
SQL: SELECT * FROM `book` WHERE `claid` = 10  [ RunTime:0.0003s ]
SQL: SELECT * FROM `book` WHERE `claid` = 11  [ RunTime:0.0003s ]
SQL: SELECT * FROM `book` WHERE `claid` = 12  [ RunTime:0.0003s ]
SQL: SELECT * FROM `book` WHERE `claid` = 15  [ RunTime:0.0003s ]
SQL: SELECT * FROM `sort` WHERE `cate_name` = 'test板'  [ RunTime:0.0002s ]
SQL: SELECT * FROM `book` WHERE `claid` = 16  [ RunTime:0.0003s ]

[ 2018-12-18T10:14:21+08:00 ] ::1 /bookstore/Admin/Detailpic/selbookt
INFO: [ app_begin ] --START--
INFO: Run Behavior\ReadHtmlCacheBehavior [ RunTime:0.000703s ]
INFO: [ app_begin ] --END-- [ RunTime:0.000986s ]
SQL: SHOW COLUMNS FROM `sort` [ RunTime:0.0154s ]
SQL: SHOW COLUMNS FROM `book` [ RunTime:0.0083s ]
NOTIC: [2] Missing argument 1 for Think\Model::where(), called in D:\phpwork\myphp_www\PHPTutorial\WWW\bookstore\Application\Admin\Controller\DetailpicController.class.php on line 45 and defined D:\phpwork\myphp_www\PHPTutorial\WWW\bookstore\ThinkPHP\Library\Think\Model.class.php 第 1797 行.
NOTIC: [8] Undefined variable: where D:\phpwork\myphp_www\PHPTutorial\WWW\bookstore\ThinkPHP\Library\Think\Model.class.php 第 1805 行.
NOTIC: [8] Undefined variable: where D:\phpwork\myphp_www\PHPTutorial\WWW\bookstore\ThinkPHP\Library\Think\Model.class.php 第 1808 行.
NOTIC: [8] Undefined variable: where D:\phpwork\myphp_www\PHPTutorial\WWW\bookstore\ThinkPHP\Library\Think\Model.class.php 第 1816 行.
SQL: SELECT * FROM `sort`  [ RunTime:0.0004s ]
SQL: SELECT * FROM `book` WHERE `claid` = 16  [ RunTime:0.0004s ]
SQL: SELECT * FROM `book` WHERE `claid` = 1  [ RunTime:0.0005s ]
SQL: SELECT * FROM `book` WHERE `claid` = 2  [ RunTime:0.0005s ]
SQL: SELECT * FROM `book` WHERE `claid` = 3  [ RunTime:0.0004s ]
SQL: SELECT * FROM `book` WHERE `claid` = 4  [ RunTime:0.0004s ]
SQL: SELECT * FROM `book` WHERE `claid` = 5  [ RunTime:0.0004s ]
SQL: SELECT * FROM `book` WHERE `claid` = 6  [ RunTime:0.0005s ]
SQL: SELECT * FROM `book` WHERE `claid` = 7  [ RunTime:0.0004s ]
SQL: SELECT * FROM `book` WHERE `claid` = 8  [ RunTime:0.0004s ]
SQL: SELECT * FROM `book` WHERE `claid` = 9  [ RunTime:0.0004s ]
SQL: SELECT * FROM `book` WHERE `claid` = 10  [ RunTime:0.0004s ]
SQL: SELECT * FROM `book` WHERE `claid` = 11  [ RunTime:0.0004s ]
SQL: SELECT * FROM `book` WHERE `claid` = 12  [ RunTime:0.0004s ]
SQL: SELECT * FROM `book` WHERE `claid` = 15  [ RunTime:0.0004s ]
SQL: SELECT * FROM `sort` WHERE `cate_name` = 'test5'  [ RunTime:0.0003s ]
SQL: SELECT * FROM `book` WHERE `claid` = 15  [ RunTime:0.0003s ]

[ 2018-12-18T15:41:26+08:00 ] ::1 /bookstore/Admin/Detailpic/selbookt
INFO: [ app_begin ] --START--
INFO: Run Behavior\ReadHtmlCacheBehavior [ RunTime:0.001225s ]
INFO: [ app_begin ] --END-- [ RunTime:0.001550s ]
SQL: SHOW COLUMNS FROM `sort` [ RunTime:0.0029s ]
SQL: SHOW COLUMNS FROM `book` [ RunTime:0.0038s ]
NOTIC: [2] Missing argument 1 for Think\Model::where(), called in D:\phpwork\myphp_www\PHPTutorial\WWW\bookstore\Application\Admin\Controller\DetailpicController.class.php on line 45 and defined D:\phpwork\myphp_www\PHPTutorial\WWW\bookstore\ThinkPHP\Library\Think\Model.class.php 第 1797 行.
NOTIC: [8] Undefined variable: where D:\phpwork\myphp_www\PHPTutorial\WWW\bookstore\ThinkPHP\Library\Think\Model.class.php 第 1805 行.
NOTIC: [8] Undefined variable: where D:\phpwork\myphp_www\PHPTutorial\WWW\bookstore\ThinkPHP\Library\Think\Model.class.php 第 1808 行.
NOTIC: [8] Undefined variable: where D:\phpwork\myphp_www\PHPTutorial\WWW\bookstore\ThinkPHP\Library\Think\Model.class.php 第 1816 行.
SQL: SELECT * FROM `sort`  [ RunTime:0.0002s ]
SQL: SELECT * FROM `book` WHERE `claid` = 16  [ RunTime:0.0002s ]
SQL: SELECT * FROM `book` WHERE `claid` = 1  [ RunTime:0.0002s ]
SQL: SELECT * FROM `book` WHERE `claid` = 2  [ RunTime:0.0002s ]
SQL: SELECT * FROM `book` WHERE `claid` = 3  [ RunTime:0.0002s ]
SQL: SELECT * FROM `book` WHERE `claid` = 4  [ RunTime:0.0002s ]
SQL: SELECT * FROM `book` WHERE `claid` = 5  [ RunTime:0.0001s ]
SQL: SELECT * FROM `book` WHERE `claid` = 6  [ RunTime:0.0002s ]
SQL: SELECT * FROM `book` WHERE `claid` = 7  [ RunTime:0.0003s ]
SQL: SELECT * FROM `book` WHERE `claid` = 8  [ RunTime:0.0002s ]
SQL: SELECT * FROM `book` WHERE `claid` = 9  [ RunTime:0.0003s ]
SQL: SELECT * FROM `book` WHERE `claid` = 10  [ RunTime:0.0003s ]
SQL: SELECT * FROM `book` WHERE `claid` = 11  [ RunTime:0.0002s ]
SQL: SELECT * FROM `book` WHERE `claid` = 12  [ RunTime:0.0002s ]
SQL: SELECT * FROM `book` WHERE `claid` = 15  [ RunTime:0.0002s ]
SQL: SELECT * FROM `book` WHERE `claid` = 17  [ RunTime:0.0002s ]
SQL: SELECT * FROM `sort` WHERE `cate_name` = 'finaly'  [ RunTime:0.0001s ]
SQL: SELECT * FROM `book` WHERE `claid` = 17  [ RunTime:0.0002s ]

[ 2018-12-18T15:41:44+08:00 ] ::1 /bookstore/Admin/Detailpic/selbookt
INFO: [ app_begin ] --START--
INFO: Run Behavior\ReadHtmlCacheBehavior [ RunTime:0.001364s ]
INFO: [ app_begin ] --END-- [ RunTime:0.001865s ]
SQL: SHOW COLUMNS FROM `sort` [ RunTime:0.0049s ]
SQL: SHOW COLUMNS FROM `book` [ RunTime:0.0039s ]
NOTIC: [2] Missing argument 1 for Think\Model::where(), called in D:\phpwork\myphp_www\PHPTutorial\WWW\bookstore\Application\Admin\Controller\DetailpicController.class.php on line 45 and defined D:\phpwork\myphp_www\PHPTutorial\WWW\bookstore\ThinkPHP\Library\Think\Model.class.php 第 1797 行.
NOTIC: [8] Undefined variable: where D:\phpwork\myphp_www\PHPTutorial\WWW\bookstore\ThinkPHP\Library\Think\Model.class.php 第 1805 行.
NOTIC: [8] Undefined variable: where D:\phpwork\myphp_www\PHPTutorial\WWW\bookstore\ThinkPHP\Library\Think\Model.class.php 第 1808 行.
NOTIC: [8] Undefined variable: where D:\phpwork\myphp_www\PHPTutorial\WWW\bookstore\ThinkPHP\Library\Think\Model.class.php 第 1816 行.
SQL: SELECT * FROM `sort`  [ RunTime:0.0003s ]
SQL: SELECT * FROM `book` WHERE `claid` = 16  [ RunTime:0.0003s ]
SQL: SELECT * FROM `book` WHERE `claid` = 1  [ RunTime:0.0004s ]
SQL: SELECT * FROM `book` WHERE `claid` = 2  [ RunTime:0.0004s ]
SQL: SELECT * FROM `book` WHERE `claid` = 3  [ RunTime:0.0004s ]
SQL: SELECT * FROM `book` WHERE `claid` = 4  [ RunTime:0.0002s ]
SQL: SELECT * FROM `book` WHERE `claid` = 5  [ RunTime:0.0002s ]
SQL: SELECT * FROM `book` WHERE `claid` = 6  [ RunTime:0.0003s ]
SQL: SELECT * FROM `book` WHERE `claid` = 7  [ RunTime:0.0003s ]
SQL: SELECT * FROM `book` WHERE `claid` = 8  [ RunTime:0.0002s ]
SQL: SELECT * FROM `book` WHERE `claid` = 9  [ RunTime:0.0002s ]
SQL: SELECT * FROM `book` WHERE `claid` = 10  [ RunTime:0.0002s ]
SQL: SELECT * FROM `book` WHERE `claid` = 11  [ RunTime:0.0001s ]
SQL: SELECT * FROM `book` WHERE `claid` = 12  [ RunTime:0.0001s ]
SQL: SELECT * FROM `book` WHERE `claid` = 15  [ RunTime:0.0002s ]
SQL: SELECT * FROM `book` WHERE `claid` = 17  [ RunTime:0.0002s ]
SQL: SELECT * FROM `sort` WHERE `cate_name` = 'finaly'  [ RunTime:0.0001s ]
SQL: SELECT * FROM `book` WHERE `claid` = 17  [ RunTime:0.0002s ]

