[ 2018-12-29T20:36:10+08:00 ] ::1 /bookstore/Admin/login
ERR: 非法操作:index

[ 2018-12-29T20:36:17+08:00 ] ::1 /bookstore/Admin/login.html
ERR: 非法操作:index

[ 2018-12-29T20:56:40+08:00 ] 127.0.0.1 /bookstore/Admin/Detailpic/selbookt
INFO: [ app_begin ] --START--
INFO: Run Behavior\ReadHtmlCacheBehavior [ RunTime:0.000000s ]
INFO: [ app_begin ] --END-- [ RunTime:0.000000s ]
SQL: SHOW COLUMNS FROM `sort` [ RunTime:0.0100s ]
SQL: SHOW COLUMNS FROM `book` [ RunTime:0.0100s ]
NOTIC: [2] Missing argument 1 for Think\Model::where(), called in H:\phpwork\myphp_www\PHPTutorial\WWW\bookstore\Application\Admin\Controller\DetailpicController.class.php on line 45 and defined H:\phpwork\myphp_www\PHPTutorial\WWW\bookstore\ThinkPHP\Library\Think\Model.class.php 第 1797 行.
NOTIC: [8] Undefined variable: where H:\phpwork\myphp_www\PHPTutorial\WWW\bookstore\ThinkPHP\Library\Think\Model.class.php 第 1805 行.
NOTIC: [8] Undefined variable: where H:\phpwork\myphp_www\PHPTutorial\WWW\bookstore\ThinkPHP\Library\Think\Model.class.php 第 1808 行.
NOTIC: [8] Undefined variable: where H:\phpwork\myphp_www\PHPTutorial\WWW\bookstore\ThinkPHP\Library\Think\Model.class.php 第 1816 行.
SQL: SELECT * FROM `sort`  [ RunTime:0.0000s ]
SQL: SELECT * FROM `book` WHERE `claid` = 16  [ RunTime:0.0000s ]
SQL: SELECT * FROM `book` WHERE `claid` = 1  [ RunTime:0.0000s ]
SQL: SELECT * FROM `book` WHERE `claid` = 2  [ RunTime:0.0000s ]
SQL: SELECT * FROM `book` WHERE `claid` = 3  [ RunTime:0.0100s ]
SQL: SELECT * FROM `book` WHERE `claid` = 4  [ RunTime:0.0000s ]
SQL: SELECT * FROM `book` WHERE `claid` = 5  [ RunTime:0.0000s ]
SQL: SELECT * FROM `book` WHERE `claid` = 6  [ RunTime:0.0000s ]
SQL: SELECT * FROM `book` WHERE `claid` = 7  [ RunTime:0.0000s ]
SQL: SELECT * FROM `book` WHERE `claid` = 8  [ RunTime:0.0000s ]
SQL: SELECT * FROM `book` WHERE `claid` = 9  [ RunTime:0.0000s ]
SQL: SELECT * FROM `book` WHERE `claid` = 10  [ RunTime:0.0000s ]
SQL: SELECT * FROM `book` WHERE `claid` = 12  [ RunTime:0.0000s ]
SQL: SELECT * FROM `book` WHERE `claid` = 15  [ RunTime:0.0100s ]
SQL: SELECT * FROM `book` WHERE `claid` = 18  [ RunTime:0.0000s ]
SQL: SELECT * FROM `sort` WHERE `cate_name` = 'zidee'  [ RunTime:0.0000s ]
SQL: SELECT * FROM `book` WHERE `claid` = 18  [ RunTime:0.0000s ]

[ 2018-12-29T21:14:40+08:00 ] 127.0.0.1 /bookstore/Admin/Detailpic/selbookt
INFO: [ app_begin ] --START--
INFO: Run Behavior\ReadHtmlCacheBehavior [ RunTime:0.000000s ]
INFO: [ app_begin ] --END-- [ RunTime:0.010000s ]
SQL: SHOW COLUMNS FROM `sort` [ RunTime:0.0110s ]
SQL: SHOW COLUMNS FROM `book` [ RunTime:0.0070s ]
NOTIC: [2] Missing argument 1 for Think\Model::where(), called in H:\phpwork\myphp_www\PHPTutorial\WWW\bookstore\Application\Admin\Controller\DetailpicController.class.php on line 45 and defined H:\phpwork\myphp_www\PHPTutorial\WWW\bookstore\ThinkPHP\Library\Think\Model.class.php 第 1797 行.
NOTIC: [8] Undefined variable: where H:\phpwork\myphp_www\PHPTutorial\WWW\bookstore\ThinkPHP\Library\Think\Model.class.php 第 1805 行.
NOTIC: [8] Undefined variable: where H:\phpwork\myphp_www\PHPTutorial\WWW\bookstore\ThinkPHP\Library\Think\Model.class.php 第 1808 行.
NOTIC: [8] Undefined variable: where H:\phpwork\myphp_www\PHPTutorial\WWW\bookstore\ThinkPHP\Library\Think\Model.class.php 第 1816 行.
SQL: SELECT * FROM `sort`  [ RunTime:0.0000s ]
SQL: SELECT * FROM `book` WHERE `claid` = 16  [ RunTime:0.0000s ]
SQL: SELECT * FROM `book` WHERE `claid` = 1  [ RunTime:0.0010s ]
SQL: SELECT * FROM `book` WHERE `claid` = 2  [ RunTime:0.0010s ]
SQL: SELECT * FROM `book` WHERE `claid` = 3  [ RunTime:0.0000s ]
SQL: SELECT * FROM `book` WHERE `claid` = 4  [ RunTime:0.0000s ]
SQL: SELECT * FROM `book` WHERE `claid` = 5  [ RunTime:0.0000s ]
SQL: SELECT * FROM `book` WHERE `claid` = 6  [ RunTime:0.0010s ]
SQL: SELECT * FROM `book` WHERE `claid` = 7  [ RunTime:0.0010s ]
SQL: SELECT * FROM `book` WHERE `claid` = 8  [ RunTime:0.0010s ]
SQL: SELECT * FROM `book` WHERE `claid` = 9  [ RunTime:0.0010s ]
SQL: SELECT * FROM `book` WHERE `claid` = 10  [ RunTime:0.0000s ]
SQL: SELECT * FROM `book` WHERE `claid` = 12  [ RunTime:0.0010s ]
SQL: SELECT * FROM `book` WHERE `claid` = 15  [ RunTime:0.0010s ]
SQL: SELECT * FROM `book` WHERE `claid` = 18  [ RunTime:0.0010s ]
SQL: SELECT * FROM `sort` WHERE `cate_name` = '畅销板'  [ RunTime:0.0000s ]
SQL: SELECT * FROM `book` WHERE `claid` = 1  [ RunTime:0.0000s ]

[ 2018-12-29T21:14:50+08:00 ] 127.0.0.1 /bookstore/Admin/Detailpic/selbookt
INFO: [ app_begin ] --START--
INFO: Run Behavior\ReadHtmlCacheBehavior [ RunTime:0.000000s ]
INFO: [ app_begin ] --END-- [ RunTime:0.000000s ]
SQL: SHOW COLUMNS FROM `sort` [ RunTime:0.0100s ]
SQL: SHOW COLUMNS FROM `book` [ RunTime:0.0100s ]
NOTIC: [2] Missing argument 1 for Think\Model::where(), called in H:\phpwork\myphp_www\PHPTutorial\WWW\bookstore\Application\Admin\Controller\DetailpicController.class.php on line 45 and defined H:\phpwork\myphp_www\PHPTutorial\WWW\bookstore\ThinkPHP\Library\Think\Model.class.php 第 1797 行.
NOTIC: [8] Undefined variable: where H:\phpwork\myphp_www\PHPTutorial\WWW\bookstore\ThinkPHP\Library\Think\Model.class.php 第 1805 行.
NOTIC: [8] Undefined variable: where H:\phpwork\myphp_www\PHPTutorial\WWW\bookstore\ThinkPHP\Library\Think\Model.class.php 第 1808 行.
NOTIC: [8] Undefined variable: where H:\phpwork\myphp_www\PHPTutorial\WWW\bookstore\ThinkPHP\Library\Think\Model.class.php 第 1816 行.
SQL: SELECT * FROM `sort`  [ RunTime:0.0000s ]
SQL: SELECT * FROM `book` WHERE `claid` = 16  [ RunTime:0.0000s ]
SQL: SELECT * FROM `book` WHERE `claid` = 1  [ RunTime:0.0000s ]
SQL: SELECT * FROM `book` WHERE `claid` = 2  [ RunTime:0.0000s ]
SQL: SELECT * FROM `book` WHERE `claid` = 3  [ RunTime:0.0100s ]
SQL: SELECT * FROM `book` WHERE `claid` = 4  [ RunTime:0.0000s ]
SQL: SELECT * FROM `book` WHERE `claid` = 5  [ RunTime:0.0000s ]
SQL: SELECT * FROM `book` WHERE `claid` = 6  [ RunTime:0.0000s ]
SQL: SELECT * FROM `book` WHERE `claid` = 7  [ RunTime:0.0000s ]
SQL: SELECT * FROM `book` WHERE `claid` = 8  [ RunTime:0.0000s ]
SQL: SELECT * FROM `book` WHERE `claid` = 9  [ RunTime:0.0000s ]
SQL: SELECT * FROM `book` WHERE `claid` = 10  [ RunTime:0.0000s ]
SQL: SELECT * FROM `book` WHERE `claid` = 12  [ RunTime:0.0000s ]
SQL: SELECT * FROM `book` WHERE `claid` = 15  [ RunTime:0.0000s ]
SQL: SELECT * FROM `book` WHERE `claid` = 18  [ RunTime:0.0000s ]
SQL: SELECT * FROM `sort` WHERE `cate_name` = '童书'  [ RunTime:0.0000s ]
SQL: SELECT * FROM `book` WHERE `claid` = 4  [ RunTime:0.0000s ]

[ 2018-12-29T21:14:51+08:00 ] 127.0.0.1 /bookstore/Admin/Detailpic/selbookt
INFO: [ app_begin ] --START--
INFO: Run Behavior\ReadHtmlCacheBehavior [ RunTime:0.000000s ]
INFO: [ app_begin ] --END-- [ RunTime:0.000000s ]
SQL: SHOW COLUMNS FROM `sort` [ RunTime:0.0100s ]
SQL: SHOW COLUMNS FROM `book` [ RunTime:0.0100s ]
NOTIC: [2] Missing argument 1 for Think\Model::where(), called in H:\phpwork\myphp_www\PHPTutorial\WWW\bookstore\Application\Admin\Controller\DetailpicController.class.php on line 45 and defined H:\phpwork\myphp_www\PHPTutorial\WWW\bookstore\ThinkPHP\Library\Think\Model.class.php 第 1797 行.
NOTIC: [8] Undefined variable: where H:\phpwork\myphp_www\PHPTutorial\WWW\bookstore\ThinkPHP\Library\Think\Model.class.php 第 1805 行.
NOTIC: [8] Undefined variable: where H:\phpwork\myphp_www\PHPTutorial\WWW\bookstore\ThinkPHP\Library\Think\Model.class.php 第 1808 行.
NOTIC: [8] Undefined variable: where H:\phpwork\myphp_www\PHPTutorial\WWW\bookstore\ThinkPHP\Library\Think\Model.class.php 第 1816 行.
SQL: SELECT * FROM `sort`  [ RunTime:0.0000s ]
SQL: SELECT * FROM `book` WHERE `claid` = 16  [ RunTime:0.0000s ]
SQL: SELECT * FROM `book` WHERE `claid` = 1  [ RunTime:0.0000s ]
SQL: SELECT * FROM `book` WHERE `claid` = 2  [ RunTime:0.0000s ]
SQL: SELECT * FROM `book` WHERE `claid` = 3  [ RunTime:0.0000s ]
SQL: SELECT * FROM `book` WHERE `claid` = 4  [ RunTime:0.0000s ]
SQL: SELECT * FROM `book` WHERE `claid` = 5  [ RunTime:0.0000s ]
SQL: SELECT * FROM `book` WHERE `claid` = 6  [ RunTime:0.0000s ]
SQL: SELECT * FROM `book` WHERE `claid` = 7  [ RunTime:0.0000s ]
SQL: SELECT * FROM `book` WHERE `claid` = 8  [ RunTime:0.0000s ]
SQL: SELECT * FROM `book` WHERE `claid` = 9  [ RunTime:0.0000s ]
SQL: SELECT * FROM `book` WHERE `claid` = 10  [ RunTime:0.0000s ]
SQL: SELECT * FROM `book` WHERE `claid` = 12  [ RunTime:0.0000s ]
SQL: SELECT * FROM `book` WHERE `claid` = 15  [ RunTime:0.0000s ]
SQL: SELECT * FROM `book` WHERE `claid` = 18  [ RunTime:0.0000s ]
SQL: SELECT * FROM `sort` WHERE `cate_name` = '童书'  [ RunTime:0.0000s ]
SQL: SELECT * FROM `book` WHERE `claid` = 4  [ RunTime:0.0000s ]

[ 2018-12-29T21:14:52+08:00 ] 127.0.0.1 /bookstore/Admin/Detailpic/selbookt
INFO: [ app_begin ] --START--
INFO: Run Behavior\ReadHtmlCacheBehavior [ RunTime:0.000000s ]
INFO: [ app_begin ] --END-- [ RunTime:0.000000s ]
SQL: SHOW COLUMNS FROM `sort` [ RunTime:0.0100s ]
SQL: SHOW COLUMNS FROM `book` [ RunTime:0.0100s ]
NOTIC: [2] Missing argument 1 for Think\Model::where(), called in H:\phpwork\myphp_www\PHPTutorial\WWW\bookstore\Application\Admin\Controller\DetailpicController.class.php on line 45 and defined H:\phpwork\myphp_www\PHPTutorial\WWW\bookstore\ThinkPHP\Library\Think\Model.class.php 第 1797 行.
NOTIC: [8] Undefined variable: where H:\phpwork\myphp_www\PHPTutorial\WWW\bookstore\ThinkPHP\Library\Think\Model.class.php 第 1805 行.
NOTIC: [8] Undefined variable: where H:\phpwork\myphp_www\PHPTutorial\WWW\bookstore\ThinkPHP\Library\Think\Model.class.php 第 1808 行.
NOTIC: [8] Undefined variable: where H:\phpwork\myphp_www\PHPTutorial\WWW\bookstore\ThinkPHP\Library\Think\Model.class.php 第 1816 行.
SQL: SELECT * FROM `sort`  [ RunTime:0.0000s ]
SQL: SELECT * FROM `book` WHERE `claid` = 16  [ RunTime:0.0000s ]
SQL: SELECT * FROM `book` WHERE `claid` = 1  [ RunTime:0.0000s ]
SQL: SELECT * FROM `book` WHERE `claid` = 2  [ RunTime:0.0000s ]
SQL: SELECT * FROM `book` WHERE `claid` = 3  [ RunTime:0.0000s ]
SQL: SELECT * FROM `book` WHERE `claid` = 4  [ RunTime:0.0000s ]
SQL: SELECT * FROM `book` WHERE `claid` = 5  [ RunTime:0.0000s ]
SQL: SELECT * FROM `book` WHERE `claid` = 6  [ RunTime:0.0000s ]
SQL: SELECT * FROM `book` WHERE `claid` = 7  [ RunTime:0.0000s ]
SQL: SELECT * FROM `book` WHERE `claid` = 8  [ RunTime:0.0000s ]
SQL: SELECT * FROM `book` WHERE `claid` = 9  [ RunTime:0.0000s ]
SQL: SELECT * FROM `book` WHERE `claid` = 10  [ RunTime:0.0000s ]
SQL: SELECT * FROM `book` WHERE `claid` = 12  [ RunTime:0.0000s ]
SQL: SELECT * FROM `book` WHERE `claid` = 15  [ RunTime:0.0000s ]
SQL: SELECT * FROM `book` WHERE `claid` = 18  [ RunTime:0.0000s ]
SQL: SELECT * FROM `sort` WHERE `cate_name` = '童书'  [ RunTime:0.0000s ]
SQL: SELECT * FROM `book` WHERE `claid` = 4  [ RunTime:0.0000s ]

[ 2018-12-29T21:14:55+08:00 ] 127.0.0.1 /bookstore/Admin/Detailpic/selbookt
INFO: [ app_begin ] --START--
INFO: Run Behavior\ReadHtmlCacheBehavior [ RunTime:0.010000s ]
INFO: [ app_begin ] --END-- [ RunTime:0.010000s ]
SQL: SHOW COLUMNS FROM `sort` [ RunTime:0.0100s ]
SQL: SHOW COLUMNS FROM `book` [ RunTime:0.0180s ]
NOTIC: [2] Missing argument 1 for Think\Model::where(), called in H:\phpwork\myphp_www\PHPTutorial\WWW\bookstore\Application\Admin\Controller\DetailpicController.class.php on line 45 and defined H:\phpwork\myphp_www\PHPTutorial\WWW\bookstore\ThinkPHP\Library\Think\Model.class.php 第 1797 行.
NOTIC: [8] Undefined variable: where H:\phpwork\myphp_www\PHPTutorial\WWW\bookstore\ThinkPHP\Library\Think\Model.class.php 第 1805 行.
NOTIC: [8] Undefined variable: where H:\phpwork\myphp_www\PHPTutorial\WWW\bookstore\ThinkPHP\Library\Think\Model.class.php 第 1808 行.
NOTIC: [8] Undefined variable: where H:\phpwork\myphp_www\PHPTutorial\WWW\bookstore\ThinkPHP\Library\Think\Model.class.php 第 1816 行.
SQL: SELECT * FROM `sort`  [ RunTime:0.0010s ]
SQL: SELECT * FROM `book` WHERE `claid` = 16  [ RunTime:0.0000s ]
SQL: SELECT * FROM `book` WHERE `claid` = 1  [ RunTime:0.0000s ]
SQL: SELECT * FROM `book` WHERE `claid` = 2  [ RunTime:0.0010s ]
SQL: SELECT * FROM `book` WHERE `claid` = 3  [ RunTime:0.0000s ]
SQL: SELECT * FROM `book` WHERE `claid` = 4  [ RunTime:0.0000s ]
SQL: SELECT * FROM `book` WHERE `claid` = 5  [ RunTime:0.0000s ]
SQL: SELECT * FROM `book` WHERE `claid` = 6  [ RunTime:0.0000s ]
SQL: SELECT * FROM `book` WHERE `claid` = 7  [ RunTime:0.0000s ]
SQL: SELECT * FROM `book` WHERE `claid` = 8  [ RunTime:0.0000s ]
SQL: SELECT * FROM `book` WHERE `claid` = 9  [ RunTime:0.0000s ]
SQL: SELECT * FROM `book` WHERE `claid` = 10  [ RunTime:0.0000s ]
SQL: SELECT * FROM `book` WHERE `claid` = 12  [ RunTime:0.0000s ]
SQL: SELECT * FROM `book` WHERE `claid` = 15  [ RunTime:0.0000s ]
SQL: SELECT * FROM `book` WHERE `claid` = 18  [ RunTime:0.0000s ]
SQL: SELECT * FROM `sort` WHERE `cate_name` = 'zidee'  [ RunTime:0.0000s ]
SQL: SELECT * FROM `book` WHERE `claid` = 18  [ RunTime:0.0010s ]

[ 2018-12-29T21:14:56+08:00 ] 127.0.0.1 /bookstore/Admin/Detailpic/selbookt
INFO: [ app_begin ] --START--
INFO: Run Behavior\ReadHtmlCacheBehavior [ RunTime:0.000000s ]
INFO: [ app_begin ] --END-- [ RunTime:0.000000s ]
SQL: SHOW COLUMNS FROM `sort` [ RunTime:0.0100s ]
SQL: SHOW COLUMNS FROM `book` [ RunTime:0.0100s ]
NOTIC: [2] Missing argument 1 for Think\Model::where(), called in H:\phpwork\myphp_www\PHPTutorial\WWW\bookstore\Application\Admin\Controller\DetailpicController.class.php on line 45 and defined H:\phpwork\myphp_www\PHPTutorial\WWW\bookstore\ThinkPHP\Library\Think\Model.class.php 第 1797 行.
NOTIC: [8] Undefined variable: where H:\phpwork\myphp_www\PHPTutorial\WWW\bookstore\ThinkPHP\Library\Think\Model.class.php 第 1805 行.
NOTIC: [8] Undefined variable: where H:\phpwork\myphp_www\PHPTutorial\WWW\bookstore\ThinkPHP\Library\Think\Model.class.php 第 1808 行.
NOTIC: [8] Undefined variable: where H:\phpwork\myphp_www\PHPTutorial\WWW\bookstore\ThinkPHP\Library\Think\Model.class.php 第 1816 行.
SQL: SELECT * FROM `sort`  [ RunTime:0.0000s ]
SQL: SELECT * FROM `book` WHERE `claid` = 16  [ RunTime:0.0000s ]
SQL: SELECT * FROM `book` WHERE `claid` = 1  [ RunTime:0.0000s ]
SQL: SELECT * FROM `book` WHERE `claid` = 2  [ RunTime:0.0100s ]
SQL: SELECT * FROM `book` WHERE `claid` = 3  [ RunTime:0.0000s ]
SQL: SELECT * FROM `book` WHERE `claid` = 4  [ RunTime:0.0000s ]
SQL: SELECT * FROM `book` WHERE `claid` = 5  [ RunTime:0.0000s ]
SQL: SELECT * FROM `book` WHERE `claid` = 6  [ RunTime:0.0000s ]
SQL: SELECT * FROM `book` WHERE `claid` = 7  [ RunTime:0.0000s ]
SQL: SELECT * FROM `book` WHERE `claid` = 8  [ RunTime:0.0000s ]
SQL: SELECT * FROM `book` WHERE `claid` = 9  [ RunTime:0.0000s ]
SQL: SELECT * FROM `book` WHERE `claid` = 10  [ RunTime:0.0000s ]
SQL: SELECT * FROM `book` WHERE `claid` = 12  [ RunTime:0.0000s ]
SQL: SELECT * FROM `book` WHERE `claid` = 15  [ RunTime:0.0000s ]
SQL: SELECT * FROM `book` WHERE `claid` = 18  [ RunTime:0.0000s ]
SQL: SELECT * FROM `sort` WHERE `cate_name` = 'zidee'  [ RunTime:0.0100s ]
SQL: SELECT * FROM `book` WHERE `claid` = 18  [ RunTime:0.0000s ]

[ 2018-12-29T21:14:57+08:00 ] 127.0.0.1 /bookstore/Admin/Detailpic/selbookt
INFO: [ app_begin ] --START--
INFO: Run Behavior\ReadHtmlCacheBehavior [ RunTime:0.000000s ]
INFO: [ app_begin ] --END-- [ RunTime:0.020001s ]
SQL: SHOW COLUMNS FROM `sort` [ RunTime:0.0100s ]
SQL: SHOW COLUMNS FROM `book` [ RunTime:0.0100s ]
NOTIC: [2] Missing argument 1 for Think\Model::where(), called in H:\phpwork\myphp_www\PHPTutorial\WWW\bookstore\Application\Admin\Controller\DetailpicController.class.php on line 45 and defined H:\phpwork\myphp_www\PHPTutorial\WWW\bookstore\ThinkPHP\Library\Think\Model.class.php 第 1797 行.
NOTIC: [8] Undefined variable: where H:\phpwork\myphp_www\PHPTutorial\WWW\bookstore\ThinkPHP\Library\Think\Model.class.php 第 1805 行.
NOTIC: [8] Undefined variable: where H:\phpwork\myphp_www\PHPTutorial\WWW\bookstore\ThinkPHP\Library\Think\Model.class.php 第 1808 行.
NOTIC: [8] Undefined variable: where H:\phpwork\myphp_www\PHPTutorial\WWW\bookstore\ThinkPHP\Library\Think\Model.class.php 第 1816 行.
SQL: SELECT * FROM `sort`  [ RunTime:0.0000s ]
SQL: SELECT * FROM `book` WHERE `claid` = 16  [ RunTime:0.0000s ]
SQL: SELECT * FROM `book` WHERE `claid` = 1  [ RunTime:0.0000s ]
SQL: SELECT * FROM `book` WHERE `claid` = 2  [ RunTime:0.0100s ]
SQL: SELECT * FROM `book` WHERE `claid` = 3  [ RunTime:0.0000s ]
SQL: SELECT * FROM `book` WHERE `claid` = 4  [ RunTime:0.0000s ]
SQL: SELECT * FROM `book` WHERE `claid` = 5  [ RunTime:0.0000s ]
SQL: SELECT * FROM `book` WHERE `claid` = 6  [ RunTime:0.0000s ]
SQL: SELECT * FROM `book` WHERE `claid` = 7  [ RunTime:0.0000s ]
SQL: SELECT * FROM `book` WHERE `claid` = 8  [ RunTime:0.0000s ]
SQL: SELECT * FROM `book` WHERE `claid` = 9  [ RunTime:0.0000s ]
SQL: SELECT * FROM `book` WHERE `claid` = 10  [ RunTime:0.0000s ]
SQL: SELECT * FROM `book` WHERE `claid` = 12  [ RunTime:0.0000s ]
SQL: SELECT * FROM `book` WHERE `claid` = 15  [ RunTime:0.0000s ]
SQL: SELECT * FROM `book` WHERE `claid` = 18  [ RunTime:0.0000s ]
SQL: SELECT * FROM `sort` WHERE `cate_name` = 'zidee'  [ RunTime:0.0000s ]
SQL: SELECT * FROM `book` WHERE `claid` = 18  [ RunTime:0.0000s ]

[ 2018-12-29T21:14:58+08:00 ] 127.0.0.1 /bookstore/Admin/Detailpic/selbookt
INFO: [ app_begin ] --START--
INFO: Run Behavior\ReadHtmlCacheBehavior [ RunTime:0.000000s ]
INFO: [ app_begin ] --END-- [ RunTime:0.000000s ]
SQL: SHOW COLUMNS FROM `sort` [ RunTime:0.0100s ]
SQL: SHOW COLUMNS FROM `book` [ RunTime:0.0100s ]
NOTIC: [2] Missing argument 1 for Think\Model::where(), called in H:\phpwork\myphp_www\PHPTutorial\WWW\bookstore\Application\Admin\Controller\DetailpicController.class.php on line 45 and defined H:\phpwork\myphp_www\PHPTutorial\WWW\bookstore\ThinkPHP\Library\Think\Model.class.php 第 1797 行.
NOTIC: [8] Undefined variable: where H:\phpwork\myphp_www\PHPTutorial\WWW\bookstore\ThinkPHP\Library\Think\Model.class.php 第 1805 行.
NOTIC: [8] Undefined variable: where H:\phpwork\myphp_www\PHPTutorial\WWW\bookstore\ThinkPHP\Library\Think\Model.class.php 第 1808 行.
NOTIC: [8] Undefined variable: where H:\phpwork\myphp_www\PHPTutorial\WWW\bookstore\ThinkPHP\Library\Think\Model.class.php 第 1816 行.
SQL: SELECT * FROM `sort`  [ RunTime:0.0010s ]
SQL: SELECT * FROM `book` WHERE `claid` = 16  [ RunTime:0.0000s ]
SQL: SELECT * FROM `book` WHERE `claid` = 1  [ RunTime:0.0010s ]
SQL: SELECT * FROM `book` WHERE `claid` = 2  [ RunTime:0.0010s ]
SQL: SELECT * FROM `book` WHERE `claid` = 3  [ RunTime:0.0010s ]
SQL: SELECT * FROM `book` WHERE `claid` = 4  [ RunTime:0.0010s ]
SQL: SELECT * FROM `book` WHERE `claid` = 5  [ RunTime:0.0010s ]
SQL: SELECT * FROM `book` WHERE `claid` = 6  [ RunTime:0.0010s ]
SQL: SELECT * FROM `book` WHERE `claid` = 7  [ RunTime:0.0010s ]
SQL: SELECT * FROM `book` WHERE `claid` = 8  [ RunTime:0.0010s ]
SQL: SELECT * FROM `book` WHERE `claid` = 9  [ RunTime:0.0010s ]
SQL: SELECT * FROM `book` WHERE `claid` = 10  [ RunTime:0.0010s ]
SQL: SELECT * FROM `book` WHERE `claid` = 12  [ RunTime:0.0010s ]
SQL: SELECT * FROM `book` WHERE `claid` = 15  [ RunTime:0.0010s ]
SQL: SELECT * FROM `book` WHERE `claid` = 18  [ RunTime:0.0000s ]
SQL: SELECT * FROM `sort` WHERE `cate_name` = 'zidee'  [ RunTime:0.0000s ]
SQL: SELECT * FROM `book` WHERE `claid` = 18  [ RunTime:0.0000s ]

[ 2018-12-29T21:14:59+08:00 ] 127.0.0.1 /bookstore/Admin/Detailpic/selbookt
INFO: [ app_begin ] --START--
INFO: Run Behavior\ReadHtmlCacheBehavior [ RunTime:0.000000s ]
INFO: [ app_begin ] --END-- [ RunTime:0.000000s ]
SQL: SHOW COLUMNS FROM `sort` [ RunTime:0.0100s ]
SQL: SHOW COLUMNS FROM `book` [ RunTime:0.0100s ]
NOTIC: [2] Missing argument 1 for Think\Model::where(), called in H:\phpwork\myphp_www\PHPTutorial\WWW\bookstore\Application\Admin\Controller\DetailpicController.class.php on line 45 and defined H:\phpwork\myphp_www\PHPTutorial\WWW\bookstore\ThinkPHP\Library\Think\Model.class.php 第 1797 行.
NOTIC: [8] Undefined variable: where H:\phpwork\myphp_www\PHPTutorial\WWW\bookstore\ThinkPHP\Library\Think\Model.class.php 第 1805 行.
NOTIC: [8] Undefined variable: where H:\phpwork\myphp_www\PHPTutorial\WWW\bookstore\ThinkPHP\Library\Think\Model.class.php 第 1808 行.
NOTIC: [8] Undefined variable: where H:\phpwork\myphp_www\PHPTutorial\WWW\bookstore\ThinkPHP\Library\Think\Model.class.php 第 1816 行.
SQL: SELECT * FROM `sort`  [ RunTime:0.0000s ]
SQL: SELECT * FROM `book` WHERE `claid` = 16  [ RunTime:0.0000s ]
SQL: SELECT * FROM `book` WHERE `claid` = 1  [ RunTime:0.0000s ]
SQL: SELECT * FROM `book` WHERE `claid` = 2  [ RunTime:0.0100s ]
SQL: SELECT * FROM `book` WHERE `claid` = 3  [ RunTime:0.0000s ]
SQL: SELECT * FROM `book` WHERE `claid` = 4  [ RunTime:0.0000s ]
SQL: SELECT * FROM `book` WHERE `claid` = 5  [ RunTime:0.0000s ]
SQL: SELECT * FROM `book` WHERE `claid` = 6  [ RunTime:0.0000s ]
SQL: SELECT * FROM `book` WHERE `claid` = 7  [ RunTime:0.0000s ]
SQL: SELECT * FROM `book` WHERE `claid` = 8  [ RunTime:0.0000s ]
SQL: SELECT * FROM `book` WHERE `claid` = 9  [ RunTime:0.0100s ]
SQL: SELECT * FROM `book` WHERE `claid` = 10  [ RunTime:0.0000s ]
SQL: SELECT * FROM `book` WHERE `claid` = 12  [ RunTime:0.0000s ]
SQL: SELECT * FROM `book` WHERE `claid` = 15  [ RunTime:0.0000s ]
SQL: SELECT * FROM `book` WHERE `claid` = 18  [ RunTime:0.0000s ]
SQL: SELECT * FROM `sort` WHERE `cate_name` = 'zidee'  [ RunTime:0.0000s ]
SQL: SELECT * FROM `book` WHERE `claid` = 18  [ RunTime:0.0000s ]

[ 2018-12-29T21:15:42+08:00 ] 127.0.0.1 /bookstore/Admin/Detailpic/selbookt
INFO: [ app_begin ] --START--
INFO: Run Behavior\ReadHtmlCacheBehavior [ RunTime:0.000000s ]
INFO: [ app_begin ] --END-- [ RunTime:0.000000s ]
SQL: SHOW COLUMNS FROM `sort` [ RunTime:0.0100s ]
SQL: SHOW COLUMNS FROM `book` [ RunTime:0.0100s ]
NOTIC: [2] Missing argument 1 for Think\Model::where(), called in H:\phpwork\myphp_www\PHPTutorial\WWW\bookstore\Application\Admin\Controller\DetailpicController.class.php on line 45 and defined H:\phpwork\myphp_www\PHPTutorial\WWW\bookstore\ThinkPHP\Library\Think\Model.class.php 第 1797 行.
NOTIC: [8] Undefined variable: where H:\phpwork\myphp_www\PHPTutorial\WWW\bookstore\ThinkPHP\Library\Think\Model.class.php 第 1805 行.
NOTIC: [8] Undefined variable: where H:\phpwork\myphp_www\PHPTutorial\WWW\bookstore\ThinkPHP\Library\Think\Model.class.php 第 1808 行.
NOTIC: [8] Undefined variable: where H:\phpwork\myphp_www\PHPTutorial\WWW\bookstore\ThinkPHP\Library\Think\Model.class.php 第 1816 行.
SQL: SELECT * FROM `sort`  [ RunTime:0.0000s ]
SQL: SELECT * FROM `book` WHERE `claid` = 16  [ RunTime:0.0000s ]
SQL: SELECT * FROM `book` WHERE `claid` = 1  [ RunTime:0.0100s ]
SQL: SELECT * FROM `book` WHERE `claid` = 2  [ RunTime:0.0000s ]
SQL: SELECT * FROM `book` WHERE `claid` = 3  [ RunTime:0.0000s ]
SQL: SELECT * FROM `book` WHERE `claid` = 4  [ RunTime:0.0000s ]
SQL: SELECT * FROM `book` WHERE `claid` = 5  [ RunTime:0.0000s ]
SQL: SELECT * FROM `book` WHERE `claid` = 6  [ RunTime:0.0000s ]
SQL: SELECT * FROM `book` WHERE `claid` = 7  [ RunTime:0.0000s ]
SQL: SELECT * FROM `book` WHERE `claid` = 8  [ RunTime:0.0000s ]
SQL: SELECT * FROM `book` WHERE `claid` = 9  [ RunTime:0.0000s ]
SQL: SELECT * FROM `book` WHERE `claid` = 10  [ RunTime:0.0000s ]
SQL: SELECT * FROM `book` WHERE `claid` = 12  [ RunTime:0.0000s ]
SQL: SELECT * FROM `book` WHERE `claid` = 15  [ RunTime:0.0000s ]
SQL: SELECT * FROM `book` WHERE `claid` = 18  [ RunTime:0.0000s ]
SQL: SELECT * FROM `sort` WHERE `cate_name` = 'zidee'  [ RunTime:0.0000s ]
SQL: SELECT * FROM `book` WHERE `claid` = 18  [ RunTime:0.0000s ]

[ 2018-12-29T21:16:04+08:00 ] 127.0.0.1 /bookstore/Admin/Detailpic/selbookt
INFO: [ app_begin ] --START--
INFO: Run Behavior\ReadHtmlCacheBehavior [ RunTime:0.000000s ]
INFO: [ app_begin ] --END-- [ RunTime:0.000000s ]
SQL: SHOW COLUMNS FROM `sort` [ RunTime:0.0000s ]
SQL: SHOW COLUMNS FROM `book` [ RunTime:0.0000s ]
NOTIC: [2] Missing argument 1 for Think\Model::where(), called in H:\phpwork\myphp_www\PHPTutorial\WWW\bookstore\Application\Admin\Controller\DetailpicController.class.php on line 45 and defined H:\phpwork\myphp_www\PHPTutorial\WWW\bookstore\ThinkPHP\Library\Think\Model.class.php 第 1797 行.
NOTIC: [8] Undefined variable: where H:\phpwork\myphp_www\PHPTutorial\WWW\bookstore\ThinkPHP\Library\Think\Model.class.php 第 1805 行.
NOTIC: [8] Undefined variable: where H:\phpwork\myphp_www\PHPTutorial\WWW\bookstore\ThinkPHP\Library\Think\Model.class.php 第 1808 行.
NOTIC: [8] Undefined variable: where H:\phpwork\myphp_www\PHPTutorial\WWW\bookstore\ThinkPHP\Library\Think\Model.class.php 第 1816 行.
SQL: SELECT * FROM `sort`  [ RunTime:0.0000s ]
SQL: SELECT * FROM `book` WHERE `claid` = 16  [ RunTime:0.0000s ]
SQL: SELECT * FROM `book` WHERE `claid` = 1  [ RunTime:0.0000s ]
SQL: SELECT * FROM `book` WHERE `claid` = 2  [ RunTime:0.0000s ]
SQL: SELECT * FROM `book` WHERE `claid` = 3  [ RunTime:0.0000s ]
SQL: SELECT * FROM `book` WHERE `claid` = 4  [ RunTime:0.0000s ]
SQL: SELECT * FROM `book` WHERE `claid` = 5  [ RunTime:0.0000s ]
SQL: SELECT * FROM `book` WHERE `claid` = 6  [ RunTime:0.0000s ]
SQL: SELECT * FROM `book` WHERE `claid` = 7  [ RunTime:0.0000s ]
SQL: SELECT * FROM `book` WHERE `claid` = 8  [ RunTime:0.0000s ]
SQL: SELECT * FROM `book` WHERE `claid` = 9  [ RunTime:0.0000s ]
SQL: SELECT * FROM `book` WHERE `claid` = 10  [ RunTime:0.0000s ]
SQL: SELECT * FROM `book` WHERE `claid` = 12  [ RunTime:0.0000s ]
SQL: SELECT * FROM `book` WHERE `claid` = 15  [ RunTime:0.0000s ]
SQL: SELECT * FROM `book` WHERE `claid` = 18  [ RunTime:0.0000s ]
SQL: SELECT * FROM `sort` WHERE `cate_name` = '畅销板'  [ RunTime:0.0000s ]
SQL: SELECT * FROM `book` WHERE `claid` = 1  [ RunTime:0.0000s ]

[ 2018-12-29T21:16:58+08:00 ] 127.0.0.1 /bookstore/Admin/Detailpic/selbookt
INFO: [ app_begin ] --START--
INFO: Run Behavior\ReadHtmlCacheBehavior [ RunTime:0.000000s ]
INFO: [ app_begin ] --END-- [ RunTime:0.000000s ]
SQL: SHOW COLUMNS FROM `sort` [ RunTime:0.0100s ]
SQL: SHOW COLUMNS FROM `book` [ RunTime:0.0100s ]
NOTIC: [2] Missing argument 1 for Think\Model::where(), called in H:\phpwork\myphp_www\PHPTutorial\WWW\bookstore\Application\Admin\Controller\DetailpicController.class.php on line 45 and defined H:\phpwork\myphp_www\PHPTutorial\WWW\bookstore\ThinkPHP\Library\Think\Model.class.php 第 1797 行.
NOTIC: [8] Undefined variable: where H:\phpwork\myphp_www\PHPTutorial\WWW\bookstore\ThinkPHP\Library\Think\Model.class.php 第 1805 行.
NOTIC: [8] Undefined variable: where H:\phpwork\myphp_www\PHPTutorial\WWW\bookstore\ThinkPHP\Library\Think\Model.class.php 第 1808 行.
NOTIC: [8] Undefined variable: where H:\phpwork\myphp_www\PHPTutorial\WWW\bookstore\ThinkPHP\Library\Think\Model.class.php 第 1816 行.
SQL: SELECT * FROM `sort`  [ RunTime:0.0000s ]
SQL: SELECT * FROM `book` WHERE `claid` = 16  [ RunTime:0.0000s ]
SQL: SELECT * FROM `book` WHERE `claid` = 1  [ RunTime:0.0000s ]
SQL: SELECT * FROM `book` WHERE `claid` = 2  [ RunTime:0.0100s ]
SQL: SELECT * FROM `book` WHERE `claid` = 3  [ RunTime:0.0000s ]
SQL: SELECT * FROM `book` WHERE `claid` = 4  [ RunTime:0.0000s ]
SQL: SELECT * FROM `book` WHERE `claid` = 5  [ RunTime:0.0000s ]
SQL: SELECT * FROM `book` WHERE `claid` = 6  [ RunTime:0.0000s ]
SQL: SELECT * FROM `book` WHERE `claid` = 7  [ RunTime:0.0000s ]
SQL: SELECT * FROM `book` WHERE `claid` = 8  [ RunTime:0.0000s ]
SQL: SELECT * FROM `book` WHERE `claid` = 9  [ RunTime:0.0000s ]
SQL: SELECT * FROM `book` WHERE `claid` = 10  [ RunTime:0.0100s ]
SQL: SELECT * FROM `book` WHERE `claid` = 12  [ RunTime:0.0000s ]
SQL: SELECT * FROM `book` WHERE `claid` = 15  [ RunTime:0.0000s ]
SQL: SELECT * FROM `book` WHERE `claid` = 18  [ RunTime:0.0000s ]
SQL: SELECT * FROM `sort` WHERE `cate_name` = '童书板'  [ RunTime:0.0000s ]
SQL: SELECT * FROM `book` WHERE `claid` = 2  [ RunTime:0.0000s ]

[ 2018-12-29T21:17:00+08:00 ] 127.0.0.1 /bookstore/Admin/Detailpic/selbookt
INFO: [ app_begin ] --START--
INFO: Run Behavior\ReadHtmlCacheBehavior [ RunTime:0.000000s ]
INFO: [ app_begin ] --END-- [ RunTime:0.000000s ]
SQL: SHOW COLUMNS FROM `sort` [ RunTime:0.0100s ]
SQL: SHOW COLUMNS FROM `book` [ RunTime:0.0100s ]
NOTIC: [2] Missing argument 1 for Think\Model::where(), called in H:\phpwork\myphp_www\PHPTutorial\WWW\bookstore\Application\Admin\Controller\DetailpicController.class.php on line 45 and defined H:\phpwork\myphp_www\PHPTutorial\WWW\bookstore\ThinkPHP\Library\Think\Model.class.php 第 1797 行.
NOTIC: [8] Undefined variable: where H:\phpwork\myphp_www\PHPTutorial\WWW\bookstore\ThinkPHP\Library\Think\Model.class.php 第 1805 行.
NOTIC: [8] Undefined variable: where H:\phpwork\myphp_www\PHPTutorial\WWW\bookstore\ThinkPHP\Library\Think\Model.class.php 第 1808 行.
NOTIC: [8] Undefined variable: where H:\phpwork\myphp_www\PHPTutorial\WWW\bookstore\ThinkPHP\Library\Think\Model.class.php 第 1816 行.
SQL: SELECT * FROM `sort`  [ RunTime:0.0000s ]
SQL: SELECT * FROM `book` WHERE `claid` = 16  [ RunTime:0.0000s ]
SQL: SELECT * FROM `book` WHERE `claid` = 1  [ RunTime:0.0000s ]
SQL: SELECT * FROM `book` WHERE `claid` = 2  [ RunTime:0.0000s ]
SQL: SELECT * FROM `book` WHERE `claid` = 3  [ RunTime:0.0000s ]
SQL: SELECT * FROM `book` WHERE `claid` = 4  [ RunTime:0.0000s ]
SQL: SELECT * FROM `book` WHERE `claid` = 5  [ RunTime:0.0000s ]
SQL: SELECT * FROM `book` WHERE `claid` = 6  [ RunTime:0.0000s ]
SQL: SELECT * FROM `book` WHERE `claid` = 7  [ RunTime:0.0000s ]
SQL: SELECT * FROM `book` WHERE `claid` = 8  [ RunTime:0.0000s ]
SQL: SELECT * FROM `book` WHERE `claid` = 9  [ RunTime:0.0000s ]
SQL: SELECT * FROM `book` WHERE `claid` = 10  [ RunTime:0.0000s ]
SQL: SELECT * FROM `book` WHERE `claid` = 12  [ RunTime:0.0000s ]
SQL: SELECT * FROM `book` WHERE `claid` = 15  [ RunTime:0.0000s ]
SQL: SELECT * FROM `book` WHERE `claid` = 18  [ RunTime:0.0000s ]
SQL: SELECT * FROM `sort` WHERE `cate_name` = '畅销板'  [ RunTime:0.0000s ]
SQL: SELECT * FROM `book` WHERE `claid` = 1  [ RunTime:0.0000s ]

[ 2018-12-29T21:18:52+08:00 ] 127.0.0.1 /bookstore/Admin/Detailpic/selbookt
INFO: [ app_begin ] --START--
INFO: Run Behavior\ReadHtmlCacheBehavior [ RunTime:0.000000s ]
INFO: [ app_begin ] --END-- [ RunTime:0.000000s ]
SQL: SHOW COLUMNS FROM `sort` [ RunTime:0.0100s ]
SQL: SHOW COLUMNS FROM `book` [ RunTime:0.0100s ]
NOTIC: [2] Missing argument 1 for Think\Model::where(), called in H:\phpwork\myphp_www\PHPTutorial\WWW\bookstore\Application\Admin\Controller\DetailpicController.class.php on line 45 and defined H:\phpwork\myphp_www\PHPTutorial\WWW\bookstore\ThinkPHP\Library\Think\Model.class.php 第 1797 行.
NOTIC: [8] Undefined variable: where H:\phpwork\myphp_www\PHPTutorial\WWW\bookstore\ThinkPHP\Library\Think\Model.class.php 第 1805 行.
NOTIC: [8] Undefined variable: where H:\phpwork\myphp_www\PHPTutorial\WWW\bookstore\ThinkPHP\Library\Think\Model.class.php 第 1808 行.
NOTIC: [8] Undefined variable: where H:\phpwork\myphp_www\PHPTutorial\WWW\bookstore\ThinkPHP\Library\Think\Model.class.php 第 1816 行.
SQL: SELECT * FROM `sort`  [ RunTime:0.0000s ]
SQL: SELECT * FROM `book` WHERE `claid` = 16  [ RunTime:0.0000s ]
SQL: SELECT * FROM `book` WHERE `claid` = 1  [ RunTime:0.0000s ]
SQL: SELECT * FROM `book` WHERE `claid` = 2  [ RunTime:0.0000s ]
SQL: SELECT * FROM `book` WHERE `claid` = 3  [ RunTime:0.0000s ]
SQL: SELECT * FROM `book` WHERE `claid` = 4  [ RunTime:0.0000s ]
SQL: SELECT * FROM `book` WHERE `claid` = 5  [ RunTime:0.0000s ]
SQL: SELECT * FROM `book` WHERE `claid` = 6  [ RunTime:0.0000s ]
SQL: SELECT * FROM `book` WHERE `claid` = 7  [ RunTime:0.0000s ]
SQL: SELECT * FROM `book` WHERE `claid` = 8  [ RunTime:0.0000s ]
SQL: SELECT * FROM `book` WHERE `claid` = 9  [ RunTime:0.0000s ]
SQL: SELECT * FROM `book` WHERE `claid` = 10  [ RunTime:0.0000s ]
SQL: SELECT * FROM `book` WHERE `claid` = 12  [ RunTime:0.0000s ]
SQL: SELECT * FROM `book` WHERE `claid` = 15  [ RunTime:0.0000s ]
SQL: SELECT * FROM `book` WHERE `claid` = 18  [ RunTime:0.0000s ]
SQL: SELECT * FROM `sort` WHERE `cate_name` = '畅销板'  [ RunTime:0.0000s ]
SQL: SELECT * FROM `book` WHERE `claid` = 1  [ RunTime:0.0000s ]

[ 2018-12-29T21:19:03+08:00 ] 127.0.0.1 /bookstore/Admin/Detailpic/selbookt
INFO: [ app_begin ] --START--
INFO: Run Behavior\ReadHtmlCacheBehavior [ RunTime:0.010000s ]
INFO: [ app_begin ] --END-- [ RunTime:0.010000s ]
SQL: SHOW COLUMNS FROM `sort` [ RunTime:0.0100s ]
SQL: SHOW COLUMNS FROM `book` [ RunTime:0.0100s ]
NOTIC: [2] Missing argument 1 for Think\Model::where(), called in H:\phpwork\myphp_www\PHPTutorial\WWW\bookstore\Application\Admin\Controller\DetailpicController.class.php on line 45 and defined H:\phpwork\myphp_www\PHPTutorial\WWW\bookstore\ThinkPHP\Library\Think\Model.class.php 第 1797 行.
NOTIC: [8] Undefined variable: where H:\phpwork\myphp_www\PHPTutorial\WWW\bookstore\ThinkPHP\Library\Think\Model.class.php 第 1805 行.
NOTIC: [8] Undefined variable: where H:\phpwork\myphp_www\PHPTutorial\WWW\bookstore\ThinkPHP\Library\Think\Model.class.php 第 1808 行.
NOTIC: [8] Undefined variable: where H:\phpwork\myphp_www\PHPTutorial\WWW\bookstore\ThinkPHP\Library\Think\Model.class.php 第 1816 行.
SQL: SELECT * FROM `sort`  [ RunTime:0.0000s ]
SQL: SELECT * FROM `book` WHERE `claid` = 16  [ RunTime:0.0000s ]
SQL: SELECT * FROM `book` WHERE `claid` = 1  [ RunTime:0.0000s ]
SQL: SELECT * FROM `book` WHERE `claid` = 2  [ RunTime:0.0000s ]
SQL: SELECT * FROM `book` WHERE `claid` = 3  [ RunTime:0.0000s ]
SQL: SELECT * FROM `book` WHERE `claid` = 4  [ RunTime:0.0000s ]
SQL: SELECT * FROM `book` WHERE `claid` = 5  [ RunTime:0.0000s ]
SQL: SELECT * FROM `book` WHERE `claid` = 6  [ RunTime:0.0000s ]
SQL: SELECT * FROM `book` WHERE `claid` = 7  [ RunTime:0.0000s ]
SQL: SELECT * FROM `book` WHERE `claid` = 8  [ RunTime:0.0000s ]
SQL: SELECT * FROM `book` WHERE `claid` = 9  [ RunTime:0.0000s ]
SQL: SELECT * FROM `book` WHERE `claid` = 10  [ RunTime:0.0000s ]
SQL: SELECT * FROM `book` WHERE `claid` = 12  [ RunTime:0.0100s ]
SQL: SELECT * FROM `book` WHERE `claid` = 15  [ RunTime:0.0000s ]
SQL: SELECT * FROM `book` WHERE `claid` = 18  [ RunTime:0.0000s ]
SQL: SELECT * FROM `sort` WHERE `cate_name` = 'zidee'  [ RunTime:0.0000s ]
SQL: SELECT * FROM `book` WHERE `claid` = 18  [ RunTime:0.0000s ]

[ 2018-12-29T21:19:04+08:00 ] 127.0.0.1 /bookstore/Admin/Detailpic/selbookt
INFO: [ app_begin ] --START--
INFO: Run Behavior\ReadHtmlCacheBehavior [ RunTime:0.000000s ]
INFO: [ app_begin ] --END-- [ RunTime:0.000000s ]
SQL: SHOW COLUMNS FROM `sort` [ RunTime:0.0000s ]
SQL: SHOW COLUMNS FROM `book` [ RunTime:0.0100s ]
NOTIC: [2] Missing argument 1 for Think\Model::where(), called in H:\phpwork\myphp_www\PHPTutorial\WWW\bookstore\Application\Admin\Controller\DetailpicController.class.php on line 45 and defined H:\phpwork\myphp_www\PHPTutorial\WWW\bookstore\ThinkPHP\Library\Think\Model.class.php 第 1797 行.
NOTIC: [8] Undefined variable: where H:\phpwork\myphp_www\PHPTutorial\WWW\bookstore\ThinkPHP\Library\Think\Model.class.php 第 1805 行.
NOTIC: [8] Undefined variable: where H:\phpwork\myphp_www\PHPTutorial\WWW\bookstore\ThinkPHP\Library\Think\Model.class.php 第 1808 行.
NOTIC: [8] Undefined variable: where H:\phpwork\myphp_www\PHPTutorial\WWW\bookstore\ThinkPHP\Library\Think\Model.class.php 第 1816 行.
SQL: SELECT * FROM `sort`  [ RunTime:0.0000s ]
SQL: SELECT * FROM `book` WHERE `claid` = 16  [ RunTime:0.0000s ]
SQL: SELECT * FROM `book` WHERE `claid` = 1  [ RunTime:0.0000s ]
SQL: SELECT * FROM `book` WHERE `claid` = 2  [ RunTime:0.0000s ]
SQL: SELECT * FROM `book` WHERE `claid` = 3  [ RunTime:0.0000s ]
SQL: SELECT * FROM `book` WHERE `claid` = 4  [ RunTime:0.0000s ]
SQL: SELECT * FROM `book` WHERE `claid` = 5  [ RunTime:0.0000s ]
SQL: SELECT * FROM `book` WHERE `claid` = 6  [ RunTime:0.0100s ]
SQL: SELECT * FROM `book` WHERE `claid` = 7  [ RunTime:0.0000s ]
SQL: SELECT * FROM `book` WHERE `claid` = 8  [ RunTime:0.0000s ]
SQL: SELECT * FROM `book` WHERE `claid` = 9  [ RunTime:0.0000s ]
SQL: SELECT * FROM `book` WHERE `claid` = 10  [ RunTime:0.0000s ]
SQL: SELECT * FROM `book` WHERE `claid` = 12  [ RunTime:0.0000s ]
SQL: SELECT * FROM `book` WHERE `claid` = 15  [ RunTime:0.0000s ]
SQL: SELECT * FROM `book` WHERE `claid` = 18  [ RunTime:0.0000s ]
SQL: SELECT * FROM `sort` WHERE `cate_name` = 'zidee'  [ RunTime:0.0000s ]
SQL: SELECT * FROM `book` WHERE `claid` = 18  [ RunTime:0.0000s ]

[ 2018-12-29T21:19:05+08:00 ] 127.0.0.1 /bookstore/Admin/Detailpic/selbookt
INFO: [ app_begin ] --START--
INFO: Run Behavior\ReadHtmlCacheBehavior [ RunTime:0.000000s ]
INFO: [ app_begin ] --END-- [ RunTime:0.000000s ]
SQL: SHOW COLUMNS FROM `sort` [ RunTime:0.0100s ]
SQL: SHOW COLUMNS FROM `book` [ RunTime:0.0100s ]
NOTIC: [2] Missing argument 1 for Think\Model::where(), called in H:\phpwork\myphp_www\PHPTutorial\WWW\bookstore\Application\Admin\Controller\DetailpicController.class.php on line 45 and defined H:\phpwork\myphp_www\PHPTutorial\WWW\bookstore\ThinkPHP\Library\Think\Model.class.php 第 1797 行.
NOTIC: [8] Undefined variable: where H:\phpwork\myphp_www\PHPTutorial\WWW\bookstore\ThinkPHP\Library\Think\Model.class.php 第 1805 行.
NOTIC: [8] Undefined variable: where H:\phpwork\myphp_www\PHPTutorial\WWW\bookstore\ThinkPHP\Library\Think\Model.class.php 第 1808 行.
NOTIC: [8] Undefined variable: where H:\phpwork\myphp_www\PHPTutorial\WWW\bookstore\ThinkPHP\Library\Think\Model.class.php 第 1816 行.
SQL: SELECT * FROM `sort`  [ RunTime:0.0000s ]
SQL: SELECT * FROM `book` WHERE `claid` = 16  [ RunTime:0.0000s ]
SQL: SELECT * FROM `book` WHERE `claid` = 1  [ RunTime:0.0000s ]
SQL: SELECT * FROM `book` WHERE `claid` = 2  [ RunTime:0.0000s ]
SQL: SELECT * FROM `book` WHERE `claid` = 3  [ RunTime:0.0000s ]
SQL: SELECT * FROM `book` WHERE `claid` = 4  [ RunTime:0.0000s ]
SQL: SELECT * FROM `book` WHERE `claid` = 5  [ RunTime:0.0000s ]
SQL: SELECT * FROM `book` WHERE `claid` = 6  [ RunTime:0.0000s ]
SQL: SELECT * FROM `book` WHERE `claid` = 7  [ RunTime:0.0000s ]
SQL: SELECT * FROM `book` WHERE `claid` = 8  [ RunTime:0.0000s ]
SQL: SELECT * FROM `book` WHERE `claid` = 9  [ RunTime:0.0100s ]
SQL: SELECT * FROM `book` WHERE `claid` = 10  [ RunTime:0.0000s ]
SQL: SELECT * FROM `book` WHERE `claid` = 12  [ RunTime:0.0000s ]
SQL: SELECT * FROM `book` WHERE `claid` = 15  [ RunTime:0.0000s ]
SQL: SELECT * FROM `book` WHERE `claid` = 18  [ RunTime:0.0000s ]
SQL: SELECT * FROM `sort` WHERE `cate_name` = 'zidee'  [ RunTime:0.0000s ]
SQL: SELECT * FROM `book` WHERE `claid` = 18  [ RunTime:0.0000s ]

[ 2018-12-29T21:19:23+08:00 ] 127.0.0.1 /bookstore/Admin/Detailpic/selbookt
INFO: [ app_begin ] --START--
INFO: Run Behavior\ReadHtmlCacheBehavior [ RunTime:0.000000s ]
INFO: [ app_begin ] --END-- [ RunTime:0.000000s ]
SQL: SHOW COLUMNS FROM `sort` [ RunTime:0.0000s ]
SQL: SHOW COLUMNS FROM `book` [ RunTime:0.0100s ]
NOTIC: [2] Missing argument 1 for Think\Model::where(), called in H:\phpwork\myphp_www\PHPTutorial\WWW\bookstore\Application\Admin\Controller\DetailpicController.class.php on line 45 and defined H:\phpwork\myphp_www\PHPTutorial\WWW\bookstore\ThinkPHP\Library\Think\Model.class.php 第 1797 行.
NOTIC: [8] Undefined variable: where H:\phpwork\myphp_www\PHPTutorial\WWW\bookstore\ThinkPHP\Library\Think\Model.class.php 第 1805 行.
NOTIC: [8] Undefined variable: where H:\phpwork\myphp_www\PHPTutorial\WWW\bookstore\ThinkPHP\Library\Think\Model.class.php 第 1808 行.
NOTIC: [8] Undefined variable: where H:\phpwork\myphp_www\PHPTutorial\WWW\bookstore\ThinkPHP\Library\Think\Model.class.php 第 1816 行.
SQL: SELECT * FROM `sort`  [ RunTime:0.0000s ]
SQL: SELECT * FROM `book` WHERE `claid` = 16  [ RunTime:0.0000s ]
SQL: SELECT * FROM `book` WHERE `claid` = 1  [ RunTime:0.0000s ]
SQL: SELECT * FROM `book` WHERE `claid` = 2  [ RunTime:0.0000s ]
SQL: SELECT * FROM `book` WHERE `claid` = 3  [ RunTime:0.0000s ]
SQL: SELECT * FROM `book` WHERE `claid` = 4  [ RunTime:0.0000s ]
SQL: SELECT * FROM `book` WHERE `claid` = 5  [ RunTime:0.0000s ]
SQL: SELECT * FROM `book` WHERE `claid` = 6  [ RunTime:0.0000s ]
SQL: SELECT * FROM `book` WHERE `claid` = 7  [ RunTime:0.0000s ]
SQL: SELECT * FROM `book` WHERE `claid` = 8  [ RunTime:0.0000s ]
SQL: SELECT * FROM `book` WHERE `claid` = 9  [ RunTime:0.0000s ]
SQL: SELECT * FROM `book` WHERE `claid` = 10  [ RunTime:0.0100s ]
SQL: SELECT * FROM `book` WHERE `claid` = 12  [ RunTime:0.0000s ]
SQL: SELECT * FROM `book` WHERE `claid` = 15  [ RunTime:0.0000s ]
SQL: SELECT * FROM `book` WHERE `claid` = 18  [ RunTime:0.0000s ]
SQL: SELECT * FROM `sort` WHERE `cate_name` = '畅销板'  [ RunTime:0.0000s ]
SQL: SELECT * FROM `book` WHERE `claid` = 1  [ RunTime:0.0000s ]

[ 2018-12-29T21:19:26+08:00 ] 127.0.0.1 /bookstore/Admin/Detailpic/selbookt
INFO: [ app_begin ] --START--
INFO: Run Behavior\ReadHtmlCacheBehavior [ RunTime:0.010000s ]
INFO: [ app_begin ] --END-- [ RunTime:0.010000s ]
SQL: SHOW COLUMNS FROM `sort` [ RunTime:0.0100s ]
SQL: SHOW COLUMNS FROM `book` [ RunTime:0.0100s ]
NOTIC: [2] Missing argument 1 for Think\Model::where(), called in H:\phpwork\myphp_www\PHPTutorial\WWW\bookstore\Application\Admin\Controller\DetailpicController.class.php on line 45 and defined H:\phpwork\myphp_www\PHPTutorial\WWW\bookstore\ThinkPHP\Library\Think\Model.class.php 第 1797 行.
NOTIC: [8] Undefined variable: where H:\phpwork\myphp_www\PHPTutorial\WWW\bookstore\ThinkPHP\Library\Think\Model.class.php 第 1805 行.
NOTIC: [8] Undefined variable: where H:\phpwork\myphp_www\PHPTutorial\WWW\bookstore\ThinkPHP\Library\Think\Model.class.php 第 1808 行.
NOTIC: [8] Undefined variable: where H:\phpwork\myphp_www\PHPTutorial\WWW\bookstore\ThinkPHP\Library\Think\Model.class.php 第 1816 行.
SQL: SELECT * FROM `sort`  [ RunTime:0.0000s ]
SQL: SELECT * FROM `book` WHERE `claid` = 16  [ RunTime:0.0000s ]
SQL: SELECT * FROM `book` WHERE `claid` = 1  [ RunTime:0.0100s ]
SQL: SELECT * FROM `book` WHERE `claid` = 2  [ RunTime:0.0000s ]
SQL: SELECT * FROM `book` WHERE `claid` = 3  [ RunTime:0.0000s ]
SQL: SELECT * FROM `book` WHERE `claid` = 4  [ RunTime:0.0000s ]
SQL: SELECT * FROM `book` WHERE `claid` = 5  [ RunTime:0.0000s ]
SQL: SELECT * FROM `book` WHERE `claid` = 6  [ RunTime:0.0000s ]
SQL: SELECT * FROM `book` WHERE `claid` = 7  [ RunTime:0.0000s ]
SQL: SELECT * FROM `book` WHERE `claid` = 8  [ RunTime:0.0000s ]
SQL: SELECT * FROM `book` WHERE `claid` = 9  [ RunTime:0.0000s ]
SQL: SELECT * FROM `book` WHERE `claid` = 10  [ RunTime:0.0000s ]
SQL: SELECT * FROM `book` WHERE `claid` = 12  [ RunTime:0.0000s ]
SQL: SELECT * FROM `book` WHERE `claid` = 15  [ RunTime:0.0000s ]
SQL: SELECT * FROM `book` WHERE `claid` = 18  [ RunTime:0.0000s ]
SQL: SELECT * FROM `sort` WHERE `cate_name` = 'zidee'  [ RunTime:0.0000s ]
SQL: SELECT * FROM `book` WHERE `claid` = 18  [ RunTime:0.0000s ]

[ 2018-12-29T21:20:31+08:00 ] 127.0.0.1 /bookstore/Admin/Detailpic/selbookt
INFO: [ app_begin ] --START--
INFO: Run Behavior\ReadHtmlCacheBehavior [ RunTime:0.000000s ]
INFO: [ app_begin ] --END-- [ RunTime:0.010000s ]
SQL: SHOW COLUMNS FROM `sort` [ RunTime:0.0040s ]
SQL: SHOW COLUMNS FROM `book` [ RunTime:0.0040s ]
NOTIC: [2] Missing argument 1 for Think\Model::where(), called in H:\phpwork\myphp_www\PHPTutorial\WWW\bookstore\Application\Admin\Controller\DetailpicController.class.php on line 45 and defined H:\phpwork\myphp_www\PHPTutorial\WWW\bookstore\ThinkPHP\Library\Think\Model.class.php 第 1797 行.
NOTIC: [8] Undefined variable: where H:\phpwork\myphp_www\PHPTutorial\WWW\bookstore\ThinkPHP\Library\Think\Model.class.php 第 1805 行.
NOTIC: [8] Undefined variable: where H:\phpwork\myphp_www\PHPTutorial\WWW\bookstore\ThinkPHP\Library\Think\Model.class.php 第 1808 行.
NOTIC: [8] Undefined variable: where H:\phpwork\myphp_www\PHPTutorial\WWW\bookstore\ThinkPHP\Library\Think\Model.class.php 第 1816 行.
SQL: SELECT * FROM `sort`  [ RunTime:0.0000s ]
SQL: SELECT * FROM `book` WHERE `claid` = 16  [ RunTime:0.0010s ]
SQL: SELECT * FROM `book` WHERE `claid` = 1  [ RunTime:0.0000s ]
SQL: SELECT * FROM `book` WHERE `claid` = 2  [ RunTime:0.0000s ]
SQL: SELECT * FROM `book` WHERE `claid` = 3  [ RunTime:0.0010s ]
SQL: SELECT * FROM `book` WHERE `claid` = 4  [ RunTime:0.0000s ]
SQL: SELECT * FROM `book` WHERE `claid` = 5  [ RunTime:0.0010s ]
SQL: SELECT * FROM `book` WHERE `claid` = 6  [ RunTime:0.0000s ]
SQL: SELECT * FROM `book` WHERE `claid` = 7  [ RunTime:0.0010s ]
SQL: SELECT * FROM `book` WHERE `claid` = 8  [ RunTime:0.0010s ]
SQL: SELECT * FROM `book` WHERE `claid` = 9  [ RunTime:0.0010s ]
SQL: SELECT * FROM `book` WHERE `claid` = 10  [ RunTime:0.0000s ]
SQL: SELECT * FROM `book` WHERE `claid` = 12  [ RunTime:0.0010s ]
SQL: SELECT * FROM `book` WHERE `claid` = 15  [ RunTime:0.0000s ]
SQL: SELECT * FROM `book` WHERE `claid` = 18  [ RunTime:0.0010s ]
SQL: SELECT * FROM `sort` WHERE `cate_name` = 'zidee'  [ RunTime:0.0000s ]
SQL: SELECT * FROM `book` WHERE `claid` = 18  [ RunTime:0.0010s ]

[ 2018-12-29T21:41:03+08:00 ] ::1 /bookstore/Admin/Detailpic/selbookt
INFO: [ app_begin ] --START--
INFO: Run Behavior\ReadHtmlCacheBehavior [ RunTime:0.002001s ]
INFO: [ app_begin ] --END-- [ RunTime:0.003001s ]
SQL: SHOW COLUMNS FROM `sort` [ RunTime:0.0100s ]
SQL: SHOW COLUMNS FROM `book` [ RunTime:0.0120s ]
NOTIC: [2] Missing argument 1 for Think\Model::where(), called in H:\phpwork\myphp_www\PHPTutorial\WWW\bookstore\Application\Admin\Controller\DetailpicController.class.php on line 45 and defined H:\phpwork\myphp_www\PHPTutorial\WWW\bookstore\ThinkPHP\Library\Think\Model.class.php 第 1797 行.
NOTIC: [8] Undefined variable: where H:\phpwork\myphp_www\PHPTutorial\WWW\bookstore\ThinkPHP\Library\Think\Model.class.php 第 1805 行.
NOTIC: [8] Undefined variable: where H:\phpwork\myphp_www\PHPTutorial\WWW\bookstore\ThinkPHP\Library\Think\Model.class.php 第 1808 行.
NOTIC: [8] Undefined variable: where H:\phpwork\myphp_www\PHPTutorial\WWW\bookstore\ThinkPHP\Library\Think\Model.class.php 第 1816 行.
SQL: SELECT * FROM `sort`  [ RunTime:0.0010s ]
SQL: SELECT * FROM `book` WHERE `claid` = 16  [ RunTime:0.0000s ]
SQL: SELECT * FROM `book` WHERE `claid` = 1  [ RunTime:0.0010s ]
SQL: SELECT * FROM `book` WHERE `claid` = 2  [ RunTime:0.0010s ]
SQL: SELECT * FROM `book` WHERE `claid` = 3  [ RunTime:0.0000s ]
SQL: SELECT * FROM `book` WHERE `claid` = 4  [ RunTime:0.0010s ]
SQL: SELECT * FROM `book` WHERE `claid` = 5  [ RunTime:0.0000s ]
SQL: SELECT * FROM `book` WHERE `claid` = 6  [ RunTime:0.0000s ]
SQL: SELECT * FROM `book` WHERE `claid` = 7  [ RunTime:0.0010s ]
SQL: SELECT * FROM `book` WHERE `claid` = 8  [ RunTime:0.0000s ]
SQL: SELECT * FROM `book` WHERE `claid` = 9  [ RunTime:0.0010s ]
SQL: SELECT * FROM `book` WHERE `claid` = 10  [ RunTime:0.0000s ]
SQL: SELECT * FROM `book` WHERE `claid` = 12  [ RunTime:0.0010s ]
SQL: SELECT * FROM `book` WHERE `claid` = 15  [ RunTime:0.0010s ]
SQL: SELECT * FROM `book` WHERE `claid` = 18  [ RunTime:0.0000s ]
SQL: SELECT * FROM `sort` WHERE `cate_name` = '畅销板'  [ RunTime:0.0000s ]
SQL: SELECT * FROM `book` WHERE `claid` = 1  [ RunTime:0.0010s ]

[ 2018-12-29T21:41:05+08:00 ] ::1 /bookstore/Admin/Detailpic/selbookt
INFO: [ app_begin ] --START--
INFO: Run Behavior\ReadHtmlCacheBehavior [ RunTime:0.001000s ]
INFO: [ app_begin ] --END-- [ RunTime:0.002000s ]
SQL: SHOW COLUMNS FROM `sort` [ RunTime:0.0110s ]
SQL: SHOW COLUMNS FROM `book` [ RunTime:0.0120s ]
NOTIC: [2] Missing argument 1 for Think\Model::where(), called in H:\phpwork\myphp_www\PHPTutorial\WWW\bookstore\Application\Admin\Controller\DetailpicController.class.php on line 45 and defined H:\phpwork\myphp_www\PHPTutorial\WWW\bookstore\ThinkPHP\Library\Think\Model.class.php 第 1797 行.
NOTIC: [8] Undefined variable: where H:\phpwork\myphp_www\PHPTutorial\WWW\bookstore\ThinkPHP\Library\Think\Model.class.php 第 1805 行.
NOTIC: [8] Undefined variable: where H:\phpwork\myphp_www\PHPTutorial\WWW\bookstore\ThinkPHP\Library\Think\Model.class.php 第 1808 行.
NOTIC: [8] Undefined variable: where H:\phpwork\myphp_www\PHPTutorial\WWW\bookstore\ThinkPHP\Library\Think\Model.class.php 第 1816 行.
SQL: SELECT * FROM `sort`  [ RunTime:0.0000s ]
SQL: SELECT * FROM `book` WHERE `claid` = 16  [ RunTime:0.0010s ]
SQL: SELECT * FROM `book` WHERE `claid` = 1  [ RunTime:0.0010s ]
SQL: SELECT * FROM `book` WHERE `claid` = 2  [ RunTime:0.0010s ]
SQL: SELECT * FROM `book` WHERE `claid` = 3  [ RunTime:0.0010s ]
SQL: SELECT * FROM `book` WHERE `claid` = 4  [ RunTime:0.0010s ]
SQL: SELECT * FROM `book` WHERE `claid` = 5  [ RunTime:0.0010s ]
SQL: SELECT * FROM `book` WHERE `claid` = 6  [ RunTime:0.0000s ]
SQL: SELECT * FROM `book` WHERE `claid` = 7  [ RunTime:0.0000s ]
SQL: SELECT * FROM `book` WHERE `claid` = 8  [ RunTime:0.0000s ]
SQL: SELECT * FROM `book` WHERE `claid` = 9  [ RunTime:0.0010s ]
SQL: SELECT * FROM `book` WHERE `claid` = 10  [ RunTime:0.0010s ]
SQL: SELECT * FROM `book` WHERE `claid` = 12  [ RunTime:0.0000s ]
SQL: SELECT * FROM `book` WHERE `claid` = 15  [ RunTime:0.0000s ]
SQL: SELECT * FROM `book` WHERE `claid` = 18  [ RunTime:0.0000s ]
SQL: SELECT * FROM `sort` WHERE `cate_name` = '畅销板'  [ RunTime:0.0010s ]
SQL: SELECT * FROM `book` WHERE `claid` = 1  [ RunTime:0.0010s ]

[ 2018-12-29T21:41:23+08:00 ] ::1 /bookstore/Admin/Detailpic/selbookt
INFO: [ app_begin ] --START--
INFO: Run Behavior\ReadHtmlCacheBehavior [ RunTime:0.000000s ]
INFO: [ app_begin ] --END-- [ RunTime:0.001000s ]
SQL: SHOW COLUMNS FROM `sort` [ RunTime:0.0100s ]
SQL: SHOW COLUMNS FROM `book` [ RunTime:0.0130s ]
NOTIC: [2] Missing argument 1 for Think\Model::where(), called in H:\phpwork\myphp_www\PHPTutorial\WWW\bookstore\Application\Admin\Controller\DetailpicController.class.php on line 45 and defined H:\phpwork\myphp_www\PHPTutorial\WWW\bookstore\ThinkPHP\Library\Think\Model.class.php 第 1797 行.
NOTIC: [8] Undefined variable: where H:\phpwork\myphp_www\PHPTutorial\WWW\bookstore\ThinkPHP\Library\Think\Model.class.php 第 1805 行.
NOTIC: [8] Undefined variable: where H:\phpwork\myphp_www\PHPTutorial\WWW\bookstore\ThinkPHP\Library\Think\Model.class.php 第 1808 行.
NOTIC: [8] Undefined variable: where H:\phpwork\myphp_www\PHPTutorial\WWW\bookstore\ThinkPHP\Library\Think\Model.class.php 第 1816 行.
SQL: SELECT * FROM `sort`  [ RunTime:0.0010s ]
SQL: SELECT * FROM `book` WHERE `claid` = 16  [ RunTime:0.0020s ]
SQL: SELECT * FROM `book` WHERE `claid` = 1  [ RunTime:0.0010s ]
SQL: SELECT * FROM `book` WHERE `claid` = 2  [ RunTime:0.0010s ]
SQL: SELECT * FROM `book` WHERE `claid` = 3  [ RunTime:0.0010s ]
SQL: SELECT * FROM `book` WHERE `claid` = 4  [ RunTime:0.0000s ]
SQL: SELECT * FROM `book` WHERE `claid` = 5  [ RunTime:0.0010s ]
SQL: SELECT * FROM `book` WHERE `claid` = 6  [ RunTime:0.0000s ]
SQL: SELECT * FROM `book` WHERE `claid` = 7  [ RunTime:0.0000s ]
SQL: SELECT * FROM `book` WHERE `claid` = 8  [ RunTime:0.0000s ]
SQL: SELECT * FROM `book` WHERE `claid` = 9  [ RunTime:0.0000s ]
SQL: SELECT * FROM `book` WHERE `claid` = 10  [ RunTime:0.0010s ]
SQL: SELECT * FROM `book` WHERE `claid` = 12  [ RunTime:0.0000s ]
SQL: SELECT * FROM `book` WHERE `claid` = 15  [ RunTime:0.0000s ]
SQL: SELECT * FROM `book` WHERE `claid` = 18  [ RunTime:0.0000s ]
SQL: SELECT * FROM `sort` WHERE `cate_name` = '畅销板'  [ RunTime:0.0010s ]
SQL: SELECT * FROM `book` WHERE `claid` = 1  [ RunTime:0.0000s ]

[ 2018-12-29T21:41:27+08:00 ] ::1 /bookstore/Admin/Detailpic/selbookt
INFO: [ app_begin ] --START--
INFO: Run Behavior\ReadHtmlCacheBehavior [ RunTime:0.001000s ]
INFO: [ app_begin ] --END-- [ RunTime:0.002000s ]
SQL: SHOW COLUMNS FROM `sort` [ RunTime:0.0110s ]
SQL: SHOW COLUMNS FROM `book` [ RunTime:0.0120s ]
NOTIC: [2] Missing argument 1 for Think\Model::where(), called in H:\phpwork\myphp_www\PHPTutorial\WWW\bookstore\Application\Admin\Controller\DetailpicController.class.php on line 45 and defined H:\phpwork\myphp_www\PHPTutorial\WWW\bookstore\ThinkPHP\Library\Think\Model.class.php 第 1797 行.
NOTIC: [8] Undefined variable: where H:\phpwork\myphp_www\PHPTutorial\WWW\bookstore\ThinkPHP\Library\Think\Model.class.php 第 1805 行.
NOTIC: [8] Undefined variable: where H:\phpwork\myphp_www\PHPTutorial\WWW\bookstore\ThinkPHP\Library\Think\Model.class.php 第 1808 行.
NOTIC: [8] Undefined variable: where H:\phpwork\myphp_www\PHPTutorial\WWW\bookstore\ThinkPHP\Library\Think\Model.class.php 第 1816 行.
SQL: SELECT * FROM `sort`  [ RunTime:0.0010s ]
SQL: SELECT * FROM `book` WHERE `claid` = 16  [ RunTime:0.0010s ]
SQL: SELECT * FROM `book` WHERE `claid` = 1  [ RunTime:0.0010s ]
SQL: SELECT * FROM `book` WHERE `claid` = 2  [ RunTime:0.0010s ]
SQL: SELECT * FROM `book` WHERE `claid` = 3  [ RunTime:0.0010s ]
SQL: SELECT * FROM `book` WHERE `claid` = 4  [ RunTime:0.0000s ]
SQL: SELECT * FROM `book` WHERE `claid` = 5  [ RunTime:0.0010s ]
SQL: SELECT * FROM `book` WHERE `claid` = 6  [ RunTime:0.0010s ]
SQL: SELECT * FROM `book` WHERE `claid` = 7  [ RunTime:0.0000s ]
SQL: SELECT * FROM `book` WHERE `claid` = 8  [ RunTime:0.0000s ]
SQL: SELECT * FROM `book` WHERE `claid` = 9  [ RunTime:0.0010s ]
SQL: SELECT * FROM `book` WHERE `claid` = 10  [ RunTime:0.0010s ]
SQL: SELECT * FROM `book` WHERE `claid` = 12  [ RunTime:0.0000s ]
SQL: SELECT * FROM `book` WHERE `claid` = 15  [ RunTime:0.0000s ]
SQL: SELECT * FROM `book` WHERE `claid` = 18  [ RunTime:0.0010s ]
SQL: SELECT * FROM `sort` WHERE `cate_name` = '畅销板'  [ RunTime:0.0010s ]
SQL: SELECT * FROM `book` WHERE `claid` = 1  [ RunTime:0.0000s ]

[ 2018-12-29T21:42:51+08:00 ] ::1 /bookstore/Admin/Detailpic/selbookt
INFO: [ app_begin ] --START--
INFO: Run Behavior\ReadHtmlCacheBehavior [ RunTime:0.005000s ]
INFO: [ app_begin ] --END-- [ RunTime:0.005000s ]
SQL: SHOW COLUMNS FROM `sort` [ RunTime:0.0050s ]
SQL: SHOW COLUMNS FROM `book` [ RunTime:0.0050s ]
NOTIC: [2] Missing argument 1 for Think\Model::where(), called in H:\phpwork\myphp_www\PHPTutorial\WWW\bookstore\Application\Admin\Controller\DetailpicController.class.php on line 45 and defined H:\phpwork\myphp_www\PHPTutorial\WWW\bookstore\ThinkPHP\Library\Think\Model.class.php 第 1797 行.
NOTIC: [8] Undefined variable: where H:\phpwork\myphp_www\PHPTutorial\WWW\bookstore\ThinkPHP\Library\Think\Model.class.php 第 1805 行.
NOTIC: [8] Undefined variable: where H:\phpwork\myphp_www\PHPTutorial\WWW\bookstore\ThinkPHP\Library\Think\Model.class.php 第 1808 行.
NOTIC: [8] Undefined variable: where H:\phpwork\myphp_www\PHPTutorial\WWW\bookstore\ThinkPHP\Library\Think\Model.class.php 第 1816 行.
SQL: SELECT * FROM `sort`  [ RunTime:0.0000s ]
SQL: SELECT * FROM `book` WHERE `claid` = 16  [ RunTime:0.0010s ]
SQL: SELECT * FROM `book` WHERE `claid` = 1  [ RunTime:0.0000s ]
SQL: SELECT * FROM `book` WHERE `claid` = 2  [ RunTime:0.0010s ]
SQL: SELECT * FROM `book` WHERE `claid` = 3  [ RunTime:0.0000s ]
SQL: SELECT * FROM `book` WHERE `claid` = 4  [ RunTime:0.0000s ]
SQL: SELECT * FROM `book` WHERE `claid` = 5  [ RunTime:0.0010s ]
SQL: SELECT * FROM `book` WHERE `claid` = 6  [ RunTime:0.0010s ]
SQL: SELECT * FROM `book` WHERE `claid` = 7  [ RunTime:0.0000s ]
SQL: SELECT * FROM `book` WHERE `claid` = 8  [ RunTime:0.0000s ]
SQL: SELECT * FROM `book` WHERE `claid` = 9  [ RunTime:0.0010s ]
SQL: SELECT * FROM `book` WHERE `claid` = 10  [ RunTime:0.0000s ]
SQL: SELECT * FROM `book` WHERE `claid` = 12  [ RunTime:0.0010s ]
SQL: SELECT * FROM `book` WHERE `claid` = 15  [ RunTime:0.0000s ]
SQL: SELECT * FROM `book` WHERE `claid` = 18  [ RunTime:0.0010s ]
SQL: SELECT * FROM `sort` WHERE `cate_name` = '畅销板'  [ RunTime:0.0000s ]
SQL: SELECT * FROM `book` WHERE `claid` = 1  [ RunTime:0.0010s ]

