[ 2018-11-27T11:19:53+08:00 ] ::1 /bookstore/Admin/View/Index/index
ERR: 无法加载控制器:View

[ 2018-11-27T11:19:58+08:00 ] ::1 /bookstore/Admin/View/Index/index.html
ERR: 无法加载控制器:View

[ 2018-11-27T11:21:12+08:00 ] ::1 /bookstore/Admin/Login/index.html
ERR: 模板不存在:./Application/Admin/View/Login/index.html

[ 2018-11-27T11:21:25+08:00 ] ::1 /bookstore/Admin/Login/index.html
ERR: 模板不存在:./Application/Admin/View/Login/index.html

[ 2018-11-27T11:25:25+08:00 ] ::1 /bookstore/Admin/Login/index.html
ERR: 模板不存在:./Application/Admin/View/Login/index.html

[ 2018-11-27T11:25:43+08:00 ] ::1 /bookstore/Admin/Login/index.html
ERR: 模板不存在:./Application/Admin/View/Login/index.html

[ 2018-11-27T11:25:57+08:00 ] ::1 /bookstore/Admin/Login/index.html
ERR: 模板不存在:./Application/Admin/View/Login/index.html

[ 2018-11-27T11:26:58+08:00 ] ::1 /bookstore/Admin/Login/index.html
ERR: 模板不存在:./Application/Admin/View/Login/index.html

[ 2018-11-27T11:27:16+08:00 ] ::1 /bookstore/Admin/Login/index.html
ERR: 模板不存在:./Application/Admin/View/Login/index.html

[ 2018-11-27T11:31:48+08:00 ] ::1 /bookstore/Admin/Login/index.html
ERR: 模板不存在:./Application/Admin/View/Login/index.html

[ 2018-11-27T11:37:55+08:00 ] ::1 /bookstore/Admin/Login/index.html
ERR: 模板不存在:./Application/Admin/View/Login/index.html

[ 2018-11-27T11:39:12+08:00 ] ::1 /bookstore/Admin/Login/login.html
ERR: 无法加载控制器:Login

[ 2018-11-27T11:44:20+08:00 ] ::1 /bookstore/Admin/Login/index.html
ERR: 模板不存在:./Application/Admin/View/Login/index.html

[ 2018-11-27T11:45:38+08:00 ] ::1 /bookstore/Admin/Login/index.html
ERR: 模板不存在:./Application/Admin/View/Login/index.html

[ 2018-11-27T11:45:47+08:00 ] ::1 /bookstore/Admin/Login/index.html
ERR: 模板不存在:./Application/Admin/View/Login/index.html

[ 2018-11-27T11:48:32+08:00 ] ::1 /bookstore/Admin/Login/index.html
ERR: 模板不存在:./Application/Admin/View/Login/index.html

[ 2018-11-27T11:48:37+08:00 ] ::1 /bookstore/Admin/Login/index.html
ERR: 模板不存在:./Application/Admin/View/Login/index.html

[ 2018-11-27T11:49:44+08:00 ] ::1 /bookstore/Admin/Login/index.html
ERR: 模板不存在:./Application/Admin/View/Login/index.html

[ 2018-11-27T11:49:48+08:00 ] ::1 /bookstore/Admin/Login/index.html
ERR: 模板不存在:./Application/Admin/View/Login/index.html

[ 2018-11-27T11:49:54+08:00 ] ::1 /bookstore/Admin/Login/index.html
ERR: 模板不存在:./Application/Admin/View/Login/index.html

[ 2018-11-27T15:04:06+08:00 ] ::1 /bookstore/Admin/Login
ERR: 模板不存在:./Application/Admin/View/Login/index.html

[ 2018-11-27T15:25:58+08:00 ] ::1 /bookstore/Admin/Login/login.html
ERR: 非法操作:login

[ 2018-11-27T15:25:59+08:00 ] ::1 /bookstore/Admin/Login/login.html
ERR: 非法操作:login

[ 2018-11-27T15:25:59+08:00 ] ::1 /bookstore/Admin/Login/login.html
ERR: 非法操作:login

[ 2018-11-27T15:25:59+08:00 ] ::1 /bookstore/Admin/Login/login.html
ERR: 非法操作:login

[ 2018-11-27T16:09:58+08:00 ] ::1 /bookstore/Admin/Login/
ERR: 非法操作:index

[ 2018-11-27T17:53:43+08:00 ] ::1 /bookstore/Admin/Goods/index.html
ERR: 1146:Table 'bookstore.category' doesn't exist
 [ SQL语句 ] : SHOW COLUMNS FROM `category`

