[ 2018-12-19T15:37:28+08:00 ] ::1 /bookstore/Admin/Detailpic/selbookt
INFO: [ app_begin ] --START--
INFO: Run Behavior\ReadHtmlCacheBehavior [ RunTime:0.000791s ]
INFO: [ app_begin ] --END-- [ RunTime:0.001112s ]
SQL: SHOW COLUMNS FROM `sort` [ RunTime:0.0046s ]
SQL: SHOW COLUMNS FROM `book` [ RunTime:0.0033s ]
NOTIC: [2] Missing argument 1 for Think\Model::where(), called in D:\phpwork\myphp_www\PHPTutorial\WWW\bookstore\Application\Admin\Controller\DetailpicController.class.php on line 45 and defined D:\phpwork\myphp_www\PHPTutorial\WWW\bookstore\ThinkPHP\Library\Think\Model.class.php 第 1797 行.
NOTIC: [8] Undefined variable: where D:\phpwork\myphp_www\PHPTutorial\WWW\bookstore\ThinkPHP\Library\Think\Model.class.php 第 1805 行.
NOTIC: [8] Undefined variable: where D:\phpwork\myphp_www\PHPTutorial\WWW\bookstore\ThinkPHP\Library\Think\Model.class.php 第 1808 行.
NOTIC: [8] Undefined variable: where D:\phpwork\myphp_www\PHPTutorial\WWW\bookstore\ThinkPHP\Library\Think\Model.class.php 第 1816 行.
SQL: SELECT * FROM `sort`  [ RunTime:0.0003s ]
SQL: SELECT * FROM `book` WHERE `claid` = 16  [ RunTime:0.0002s ]
SQL: SELECT * FROM `book` WHERE `claid` = 1  [ RunTime:0.0003s ]
SQL: SELECT * FROM `book` WHERE `claid` = 2  [ RunTime:0.0002s ]
SQL: SELECT * FROM `book` WHERE `claid` = 3  [ RunTime:0.0002s ]
SQL: SELECT * FROM `book` WHERE `claid` = 4  [ RunTime:0.0002s ]
SQL: SELECT * FROM `book` WHERE `claid` = 5  [ RunTime:0.0002s ]
SQL: SELECT * FROM `book` WHERE `claid` = 6  [ RunTime:0.0002s ]
SQL: SELECT * FROM `book` WHERE `claid` = 7  [ RunTime:0.0002s ]
SQL: SELECT * FROM `book` WHERE `claid` = 8  [ RunTime:0.0002s ]
SQL: SELECT * FROM `book` WHERE `claid` = 9  [ RunTime:0.0002s ]
SQL: SELECT * FROM `book` WHERE `claid` = 10  [ RunTime:0.0002s ]
SQL: SELECT * FROM `book` WHERE `claid` = 12  [ RunTime:0.0002s ]
SQL: SELECT * FROM `book` WHERE `claid` = 15  [ RunTime:0.0002s ]
SQL: SELECT * FROM `sort` WHERE `cate_name` = 'test板'  [ RunTime:0.0002s ]
SQL: SELECT * FROM `book` WHERE `claid` = 16  [ RunTime:0.0003s ]

[ 2018-12-19T15:37:40+08:00 ] ::1 /bookstore/Admin/Detailpic/selbookt
INFO: [ app_begin ] --START--
INFO: Run Behavior\ReadHtmlCacheBehavior [ RunTime:0.001421s ]
INFO: [ app_begin ] --END-- [ RunTime:0.001881s ]
SQL: SHOW COLUMNS FROM `sort` [ RunTime:0.0079s ]
SQL: SHOW COLUMNS FROM `book` [ RunTime:0.0078s ]
NOTIC: [2] Missing argument 1 for Think\Model::where(), called in D:\phpwork\myphp_www\PHPTutorial\WWW\bookstore\Application\Admin\Controller\DetailpicController.class.php on line 45 and defined D:\phpwork\myphp_www\PHPTutorial\WWW\bookstore\ThinkPHP\Library\Think\Model.class.php 第 1797 行.
NOTIC: [8] Undefined variable: where D:\phpwork\myphp_www\PHPTutorial\WWW\bookstore\ThinkPHP\Library\Think\Model.class.php 第 1805 行.
NOTIC: [8] Undefined variable: where D:\phpwork\myphp_www\PHPTutorial\WWW\bookstore\ThinkPHP\Library\Think\Model.class.php 第 1808 行.
NOTIC: [8] Undefined variable: where D:\phpwork\myphp_www\PHPTutorial\WWW\bookstore\ThinkPHP\Library\Think\Model.class.php 第 1816 行.
SQL: SELECT * FROM `sort`  [ RunTime:0.0004s ]
SQL: SELECT * FROM `book` WHERE `claid` = 16  [ RunTime:0.0005s ]
SQL: SELECT * FROM `book` WHERE `claid` = 1  [ RunTime:0.0005s ]
SQL: SELECT * FROM `book` WHERE `claid` = 2  [ RunTime:0.0005s ]
SQL: SELECT * FROM `book` WHERE `claid` = 3  [ RunTime:0.0004s ]
SQL: SELECT * FROM `book` WHERE `claid` = 4  [ RunTime:0.0004s ]
SQL: SELECT * FROM `book` WHERE `claid` = 5  [ RunTime:0.0005s ]
SQL: SELECT * FROM `book` WHERE `claid` = 6  [ RunTime:0.0005s ]
SQL: SELECT * FROM `book` WHERE `claid` = 7  [ RunTime:0.0004s ]
SQL: SELECT * FROM `book` WHERE `claid` = 8  [ RunTime:0.0004s ]
SQL: SELECT * FROM `book` WHERE `claid` = 9  [ RunTime:0.0004s ]
SQL: SELECT * FROM `book` WHERE `claid` = 10  [ RunTime:0.0004s ]
SQL: SELECT * FROM `book` WHERE `claid` = 12  [ RunTime:0.0004s ]
SQL: SELECT * FROM `book` WHERE `claid` = 15  [ RunTime:0.0004s ]
SQL: SELECT * FROM `sort` WHERE `cate_name` = 'test板'  [ RunTime:0.0003s ]
SQL: SELECT * FROM `book` WHERE `claid` = 16  [ RunTime:0.0006s ]

