[ 2019-03-27T09:51:29+08:00 ] ::1 /bookstore/Admin/Detailpic/selbookt
INFO: [ app_begin ] --START--
INFO: Run Behavior\ReadHtmlCacheBehavior [ RunTime:0.001017s ]
INFO: [ app_begin ] --END-- [ RunTime:0.001966s ]
SQL: SHOW COLUMNS FROM `sort` [ RunTime:0.0075s ]
SQL: SHOW COLUMNS FROM `book` [ RunTime:0.0048s ]
NOTIC: [2] Missing argument 1 for Think\Model::where(), called in F:\phpwork\myphp_www\PHPTutorial\WWW\bookstore\Application\Admin\Controller\DetailpicController.class.php on line 46 and defined F:\phpwork\myphp_www\PHPTutorial\WWW\bookstore\ThinkPHP\Library\Think\Model.class.php 第 1797 行.
NOTIC: [8] Undefined variable: where F:\phpwork\myphp_www\PHPTutorial\WWW\bookstore\ThinkPHP\Library\Think\Model.class.php 第 1805 行.
NOTIC: [8] Undefined variable: where F:\phpwork\myphp_www\PHPTutorial\WWW\bookstore\ThinkPHP\Library\Think\Model.class.php 第 1808 行.
NOTIC: [8] Undefined variable: where F:\phpwork\myphp_www\PHPTutorial\WWW\bookstore\ThinkPHP\Library\Think\Model.class.php 第 1816 行.
SQL: SELECT * FROM `sort`  [ RunTime:0.0004s ]
SQL: SELECT * FROM `book` WHERE `claid` = 27  [ RunTime:0.0005s ]
SQL: SELECT * FROM `book` WHERE `claid` = 26  [ RunTime:0.0004s ]
SQL: SELECT * FROM `book` WHERE `claid` = 25  [ RunTime:0.0003s ]
SQL: SELECT * FROM `book` WHERE `claid` = 24  [ RunTime:0.0002s ]
SQL: SELECT * FROM `book` WHERE `claid` = 23  [ RunTime:0.0002s ]
SQL: SELECT * FROM `book` WHERE `claid` = 22  [ RunTime:0.0002s ]
SQL: SELECT * FROM `sort` WHERE `cate_name` = '热门推荐'  [ RunTime:0.0003s ]
SQL: SELECT * FROM `book` WHERE `claid` = 22  [ RunTime:0.0004s ]

[ 2019-03-27T09:51:48+08:00 ] ::1 /bookstore/Admin/Detailpic/selbookt
INFO: [ app_begin ] --START--
INFO: Run Behavior\ReadHtmlCacheBehavior [ RunTime:0.000947s ]
INFO: [ app_begin ] --END-- [ RunTime:0.001564s ]
SQL: SHOW COLUMNS FROM `sort` [ RunTime:0.0062s ]
SQL: SHOW COLUMNS FROM `book` [ RunTime:0.0053s ]
NOTIC: [2] Missing argument 1 for Think\Model::where(), called in F:\phpwork\myphp_www\PHPTutorial\WWW\bookstore\Application\Admin\Controller\DetailpicController.class.php on line 46 and defined F:\phpwork\myphp_www\PHPTutorial\WWW\bookstore\ThinkPHP\Library\Think\Model.class.php 第 1797 行.
NOTIC: [8] Undefined variable: where F:\phpwork\myphp_www\PHPTutorial\WWW\bookstore\ThinkPHP\Library\Think\Model.class.php 第 1805 行.
NOTIC: [8] Undefined variable: where F:\phpwork\myphp_www\PHPTutorial\WWW\bookstore\ThinkPHP\Library\Think\Model.class.php 第 1808 行.
NOTIC: [8] Undefined variable: where F:\phpwork\myphp_www\PHPTutorial\WWW\bookstore\ThinkPHP\Library\Think\Model.class.php 第 1816 行.
SQL: SELECT * FROM `sort`  [ RunTime:0.0005s ]
SQL: SELECT * FROM `book` WHERE `claid` = 27  [ RunTime:0.0003s ]
SQL: SELECT * FROM `book` WHERE `claid` = 26  [ RunTime:0.0003s ]
SQL: SELECT * FROM `book` WHERE `claid` = 25  [ RunTime:0.0003s ]
SQL: SELECT * FROM `book` WHERE `claid` = 24  [ RunTime:0.0003s ]
SQL: SELECT * FROM `book` WHERE `claid` = 23  [ RunTime:0.0113s ]
SQL: SELECT * FROM `book` WHERE `claid` = 22  [ RunTime:0.0004s ]
SQL: SELECT * FROM `sort` WHERE `cate_name` = '热门推荐'  [ RunTime:0.0003s ]
SQL: SELECT * FROM `book` WHERE `claid` = 22  [ RunTime:0.0004s ]

[ 2019-03-27T09:52:00+08:00 ] ::1 /bookstore/Admin/Detailpic/selbookt
INFO: [ app_begin ] --START--
INFO: Run Behavior\ReadHtmlCacheBehavior [ RunTime:0.001071s ]
INFO: [ app_begin ] --END-- [ RunTime:0.001691s ]
SQL: SHOW COLUMNS FROM `sort` [ RunTime:0.0063s ]
SQL: SHOW COLUMNS FROM `book` [ RunTime:0.0046s ]
NOTIC: [2] Missing argument 1 for Think\Model::where(), called in F:\phpwork\myphp_www\PHPTutorial\WWW\bookstore\Application\Admin\Controller\DetailpicController.class.php on line 46 and defined F:\phpwork\myphp_www\PHPTutorial\WWW\bookstore\ThinkPHP\Library\Think\Model.class.php 第 1797 行.
NOTIC: [8] Undefined variable: where F:\phpwork\myphp_www\PHPTutorial\WWW\bookstore\ThinkPHP\Library\Think\Model.class.php 第 1805 行.
NOTIC: [8] Undefined variable: where F:\phpwork\myphp_www\PHPTutorial\WWW\bookstore\ThinkPHP\Library\Think\Model.class.php 第 1808 行.
NOTIC: [8] Undefined variable: where F:\phpwork\myphp_www\PHPTutorial\WWW\bookstore\ThinkPHP\Library\Think\Model.class.php 第 1816 行.
SQL: SELECT * FROM `sort`  [ RunTime:0.0004s ]
SQL: SELECT * FROM `book` WHERE `claid` = 27  [ RunTime:0.0004s ]
SQL: SELECT * FROM `book` WHERE `claid` = 26  [ RunTime:0.0004s ]
SQL: SELECT * FROM `book` WHERE `claid` = 25  [ RunTime:0.0004s ]
SQL: SELECT * FROM `book` WHERE `claid` = 24  [ RunTime:0.0004s ]
SQL: SELECT * FROM `book` WHERE `claid` = 23  [ RunTime:0.0003s ]
SQL: SELECT * FROM `book` WHERE `claid` = 22  [ RunTime:0.0004s ]
SQL: SELECT * FROM `sort` WHERE `cate_name` = '热门推荐'  [ RunTime:0.0003s ]
SQL: SELECT * FROM `book` WHERE `claid` = 22  [ RunTime:0.0004s ]

[ 2019-03-27T09:53:57+08:00 ] ::1 /bookstore/Admin/Detailpic/selbookt
INFO: [ app_begin ] --START--
INFO: Run Behavior\ReadHtmlCacheBehavior [ RunTime:0.001229s ]
INFO: [ app_begin ] --END-- [ RunTime:0.002151s ]
SQL: SHOW COLUMNS FROM `sort` [ RunTime:0.0072s ]
SQL: SHOW COLUMNS FROM `book` [ RunTime:0.0142s ]
NOTIC: [2] Missing argument 1 for Think\Model::where(), called in F:\phpwork\myphp_www\PHPTutorial\WWW\bookstore\Application\Admin\Controller\DetailpicController.class.php on line 46 and defined F:\phpwork\myphp_www\PHPTutorial\WWW\bookstore\ThinkPHP\Library\Think\Model.class.php 第 1797 行.
NOTIC: [8] Undefined variable: where F:\phpwork\myphp_www\PHPTutorial\WWW\bookstore\ThinkPHP\Library\Think\Model.class.php 第 1805 行.
NOTIC: [8] Undefined variable: where F:\phpwork\myphp_www\PHPTutorial\WWW\bookstore\ThinkPHP\Library\Think\Model.class.php 第 1808 行.
NOTIC: [8] Undefined variable: where F:\phpwork\myphp_www\PHPTutorial\WWW\bookstore\ThinkPHP\Library\Think\Model.class.php 第 1816 行.
SQL: SELECT * FROM `sort`  [ RunTime:0.0004s ]
SQL: SELECT * FROM `book` WHERE `claid` = 27  [ RunTime:0.0004s ]
SQL: SELECT * FROM `book` WHERE `claid` = 26  [ RunTime:0.0004s ]
SQL: SELECT * FROM `book` WHERE `claid` = 25  [ RunTime:0.0004s ]
SQL: SELECT * FROM `book` WHERE `claid` = 24  [ RunTime:0.0003s ]
SQL: SELECT * FROM `book` WHERE `claid` = 23  [ RunTime:0.0006s ]
SQL: SELECT * FROM `book` WHERE `claid` = 22  [ RunTime:0.0005s ]
SQL: SELECT * FROM `sort` WHERE `cate_name` = '热门推荐'  [ RunTime:0.0005s ]
SQL: SELECT * FROM `book` WHERE `claid` = 22  [ RunTime:0.0003s ]

[ 2019-03-27T09:54:12+08:00 ] ::1 /bookstore/Admin/Detailpic/selbookt
INFO: [ app_begin ] --START--
INFO: Run Behavior\ReadHtmlCacheBehavior [ RunTime:0.001080s ]
INFO: [ app_begin ] --END-- [ RunTime:0.001877s ]
SQL: SHOW COLUMNS FROM `sort` [ RunTime:0.0065s ]
SQL: SHOW COLUMNS FROM `book` [ RunTime:0.0049s ]
NOTIC: [2] Missing argument 1 for Think\Model::where(), called in F:\phpwork\myphp_www\PHPTutorial\WWW\bookstore\Application\Admin\Controller\DetailpicController.class.php on line 46 and defined F:\phpwork\myphp_www\PHPTutorial\WWW\bookstore\ThinkPHP\Library\Think\Model.class.php 第 1797 行.
NOTIC: [8] Undefined variable: where F:\phpwork\myphp_www\PHPTutorial\WWW\bookstore\ThinkPHP\Library\Think\Model.class.php 第 1805 行.
NOTIC: [8] Undefined variable: where F:\phpwork\myphp_www\PHPTutorial\WWW\bookstore\ThinkPHP\Library\Think\Model.class.php 第 1808 行.
NOTIC: [8] Undefined variable: where F:\phpwork\myphp_www\PHPTutorial\WWW\bookstore\ThinkPHP\Library\Think\Model.class.php 第 1816 行.
SQL: SELECT * FROM `sort`  [ RunTime:0.0004s ]
SQL: SELECT * FROM `book` WHERE `claid` = 27  [ RunTime:0.0005s ]
SQL: SELECT * FROM `book` WHERE `claid` = 26  [ RunTime:0.0006s ]
SQL: SELECT * FROM `book` WHERE `claid` = 25  [ RunTime:0.0006s ]
SQL: SELECT * FROM `book` WHERE `claid` = 24  [ RunTime:0.0003s ]
SQL: SELECT * FROM `book` WHERE `claid` = 23  [ RunTime:0.0004s ]
SQL: SELECT * FROM `book` WHERE `claid` = 22  [ RunTime:0.0004s ]
SQL: SELECT * FROM `sort` WHERE `cate_name` = '热门推荐'  [ RunTime:0.0003s ]
SQL: SELECT * FROM `book` WHERE `claid` = 22  [ RunTime:0.0004s ]

[ 2019-03-27T09:54:28+08:00 ] ::1 /bookstore/Admin/Detailpic/selbookt
INFO: [ app_begin ] --START--
INFO: Run Behavior\ReadHtmlCacheBehavior [ RunTime:0.001246s ]
INFO: [ app_begin ] --END-- [ RunTime:0.001910s ]
SQL: SHOW COLUMNS FROM `sort` [ RunTime:0.0080s ]
SQL: SHOW COLUMNS FROM `book` [ RunTime:0.0061s ]
NOTIC: [2] Missing argument 1 for Think\Model::where(), called in F:\phpwork\myphp_www\PHPTutorial\WWW\bookstore\Application\Admin\Controller\DetailpicController.class.php on line 46 and defined F:\phpwork\myphp_www\PHPTutorial\WWW\bookstore\ThinkPHP\Library\Think\Model.class.php 第 1797 行.
NOTIC: [8] Undefined variable: where F:\phpwork\myphp_www\PHPTutorial\WWW\bookstore\ThinkPHP\Library\Think\Model.class.php 第 1805 行.
NOTIC: [8] Undefined variable: where F:\phpwork\myphp_www\PHPTutorial\WWW\bookstore\ThinkPHP\Library\Think\Model.class.php 第 1808 行.
NOTIC: [8] Undefined variable: where F:\phpwork\myphp_www\PHPTutorial\WWW\bookstore\ThinkPHP\Library\Think\Model.class.php 第 1816 行.
SQL: SELECT * FROM `sort`  [ RunTime:0.0004s ]
SQL: SELECT * FROM `book` WHERE `claid` = 27  [ RunTime:0.0004s ]
SQL: SELECT * FROM `book` WHERE `claid` = 26  [ RunTime:0.0004s ]
SQL: SELECT * FROM `book` WHERE `claid` = 25  [ RunTime:0.0003s ]
SQL: SELECT * FROM `book` WHERE `claid` = 24  [ RunTime:0.0004s ]
SQL: SELECT * FROM `book` WHERE `claid` = 23  [ RunTime:0.0005s ]
SQL: SELECT * FROM `book` WHERE `claid` = 22  [ RunTime:0.0003s ]
SQL: SELECT * FROM `sort` WHERE `cate_name` = '热门推荐'  [ RunTime:0.0012s ]
SQL: SELECT * FROM `book` WHERE `claid` = 22  [ RunTime:0.0005s ]

[ 2019-03-27T09:56:41+08:00 ] ::1 /bookstore/Admin/Detailpic/selbookt
INFO: [ app_begin ] --START--
INFO: Run Behavior\ReadHtmlCacheBehavior [ RunTime:0.000987s ]
INFO: [ app_begin ] --END-- [ RunTime:0.001704s ]
SQL: SHOW COLUMNS FROM `sort` [ RunTime:0.0076s ]
SQL: SHOW COLUMNS FROM `book` [ RunTime:0.0080s ]
NOTIC: [2] Missing argument 1 for Think\Model::where(), called in F:\phpwork\myphp_www\PHPTutorial\WWW\bookstore\Application\Admin\Controller\DetailpicController.class.php on line 46 and defined F:\phpwork\myphp_www\PHPTutorial\WWW\bookstore\ThinkPHP\Library\Think\Model.class.php 第 1797 行.
NOTIC: [8] Undefined variable: where F:\phpwork\myphp_www\PHPTutorial\WWW\bookstore\ThinkPHP\Library\Think\Model.class.php 第 1805 行.
NOTIC: [8] Undefined variable: where F:\phpwork\myphp_www\PHPTutorial\WWW\bookstore\ThinkPHP\Library\Think\Model.class.php 第 1808 行.
NOTIC: [8] Undefined variable: where F:\phpwork\myphp_www\PHPTutorial\WWW\bookstore\ThinkPHP\Library\Think\Model.class.php 第 1816 行.
SQL: SELECT * FROM `sort`  [ RunTime:0.0004s ]
SQL: SELECT * FROM `book` WHERE `claid` = 27  [ RunTime:0.0005s ]
SQL: SELECT * FROM `book` WHERE `claid` = 26  [ RunTime:0.0004s ]
SQL: SELECT * FROM `book` WHERE `claid` = 25  [ RunTime:0.0004s ]
SQL: SELECT * FROM `book` WHERE `claid` = 24  [ RunTime:0.0004s ]
SQL: SELECT * FROM `book` WHERE `claid` = 23  [ RunTime:0.0003s ]
SQL: SELECT * FROM `book` WHERE `claid` = 22  [ RunTime:0.0004s ]
SQL: SELECT * FROM `sort` WHERE `cate_name` = '新书版'  [ RunTime:0.0003s ]
SQL: SELECT * FROM `book` WHERE `claid` = 23  [ RunTime:0.0004s ]

[ 2019-03-27T09:56:56+08:00 ] ::1 /bookstore/Admin/Detailpic/selbookt
INFO: [ app_begin ] --START--
INFO: Run Behavior\ReadHtmlCacheBehavior [ RunTime:0.000951s ]
INFO: [ app_begin ] --END-- [ RunTime:0.001501s ]
SQL: SHOW COLUMNS FROM `sort` [ RunTime:0.0124s ]
SQL: SHOW COLUMNS FROM `book` [ RunTime:0.0057s ]
NOTIC: [2] Missing argument 1 for Think\Model::where(), called in F:\phpwork\myphp_www\PHPTutorial\WWW\bookstore\Application\Admin\Controller\DetailpicController.class.php on line 46 and defined F:\phpwork\myphp_www\PHPTutorial\WWW\bookstore\ThinkPHP\Library\Think\Model.class.php 第 1797 行.
NOTIC: [8] Undefined variable: where F:\phpwork\myphp_www\PHPTutorial\WWW\bookstore\ThinkPHP\Library\Think\Model.class.php 第 1805 行.
NOTIC: [8] Undefined variable: where F:\phpwork\myphp_www\PHPTutorial\WWW\bookstore\ThinkPHP\Library\Think\Model.class.php 第 1808 行.
NOTIC: [8] Undefined variable: where F:\phpwork\myphp_www\PHPTutorial\WWW\bookstore\ThinkPHP\Library\Think\Model.class.php 第 1816 行.
SQL: SELECT * FROM `sort`  [ RunTime:0.0003s ]
SQL: SELECT * FROM `book` WHERE `claid` = 27  [ RunTime:0.0004s ]
SQL: SELECT * FROM `book` WHERE `claid` = 26  [ RunTime:0.0003s ]
SQL: SELECT * FROM `book` WHERE `claid` = 25  [ RunTime:0.0003s ]
SQL: SELECT * FROM `book` WHERE `claid` = 24  [ RunTime:0.0003s ]
SQL: SELECT * FROM `book` WHERE `claid` = 23  [ RunTime:0.0003s ]
SQL: SELECT * FROM `book` WHERE `claid` = 22  [ RunTime:0.0004s ]
SQL: SELECT * FROM `sort` WHERE `cate_name` = '新书版'  [ RunTime:0.0003s ]
SQL: SELECT * FROM `book` WHERE `claid` = 23  [ RunTime:0.0003s ]

[ 2019-03-27T09:57:14+08:00 ] ::1 /bookstore/Admin/Detailpic/selbookt
INFO: [ app_begin ] --START--
INFO: Run Behavior\ReadHtmlCacheBehavior [ RunTime:0.000928s ]
INFO: [ app_begin ] --END-- [ RunTime:0.001510s ]
SQL: SHOW COLUMNS FROM `sort` [ RunTime:0.0064s ]
SQL: SHOW COLUMNS FROM `book` [ RunTime:0.0043s ]
NOTIC: [2] Missing argument 1 for Think\Model::where(), called in F:\phpwork\myphp_www\PHPTutorial\WWW\bookstore\Application\Admin\Controller\DetailpicController.class.php on line 46 and defined F:\phpwork\myphp_www\PHPTutorial\WWW\bookstore\ThinkPHP\Library\Think\Model.class.php 第 1797 行.
NOTIC: [8] Undefined variable: where F:\phpwork\myphp_www\PHPTutorial\WWW\bookstore\ThinkPHP\Library\Think\Model.class.php 第 1805 行.
NOTIC: [8] Undefined variable: where F:\phpwork\myphp_www\PHPTutorial\WWW\bookstore\ThinkPHP\Library\Think\Model.class.php 第 1808 行.
NOTIC: [8] Undefined variable: where F:\phpwork\myphp_www\PHPTutorial\WWW\bookstore\ThinkPHP\Library\Think\Model.class.php 第 1816 行.
SQL: SELECT * FROM `sort`  [ RunTime:0.0003s ]
SQL: SELECT * FROM `book` WHERE `claid` = 27  [ RunTime:0.0004s ]
SQL: SELECT * FROM `book` WHERE `claid` = 26  [ RunTime:0.0004s ]
SQL: SELECT * FROM `book` WHERE `claid` = 25  [ RunTime:0.0004s ]
SQL: SELECT * FROM `book` WHERE `claid` = 24  [ RunTime:0.0003s ]
SQL: SELECT * FROM `book` WHERE `claid` = 23  [ RunTime:0.0004s ]
SQL: SELECT * FROM `book` WHERE `claid` = 22  [ RunTime:0.0004s ]
SQL: SELECT * FROM `sort` WHERE `cate_name` = '新书版'  [ RunTime:0.0003s ]
SQL: SELECT * FROM `book` WHERE `claid` = 23  [ RunTime:0.0004s ]

[ 2019-03-27T09:59:19+08:00 ] ::1 /bookstore/Admin/Detailpic/selbookt
INFO: [ app_begin ] --START--
INFO: Run Behavior\ReadHtmlCacheBehavior [ RunTime:0.001217s ]
INFO: [ app_begin ] --END-- [ RunTime:0.002364s ]
SQL: SHOW COLUMNS FROM `sort` [ RunTime:0.0066s ]
SQL: SHOW COLUMNS FROM `book` [ RunTime:0.0056s ]
NOTIC: [2] Missing argument 1 for Think\Model::where(), called in F:\phpwork\myphp_www\PHPTutorial\WWW\bookstore\Application\Admin\Controller\DetailpicController.class.php on line 46 and defined F:\phpwork\myphp_www\PHPTutorial\WWW\bookstore\ThinkPHP\Library\Think\Model.class.php 第 1797 行.
NOTIC: [8] Undefined variable: where F:\phpwork\myphp_www\PHPTutorial\WWW\bookstore\ThinkPHP\Library\Think\Model.class.php 第 1805 行.
NOTIC: [8] Undefined variable: where F:\phpwork\myphp_www\PHPTutorial\WWW\bookstore\ThinkPHP\Library\Think\Model.class.php 第 1808 行.
NOTIC: [8] Undefined variable: where F:\phpwork\myphp_www\PHPTutorial\WWW\bookstore\ThinkPHP\Library\Think\Model.class.php 第 1816 行.
SQL: SELECT * FROM `sort`  [ RunTime:0.0031s ]
SQL: SELECT * FROM `book` WHERE `claid` = 27  [ RunTime:0.0004s ]
SQL: SELECT * FROM `book` WHERE `claid` = 26  [ RunTime:0.0005s ]
SQL: SELECT * FROM `book` WHERE `claid` = 25  [ RunTime:0.0004s ]
SQL: SELECT * FROM `book` WHERE `claid` = 24  [ RunTime:0.0004s ]
SQL: SELECT * FROM `book` WHERE `claid` = 23  [ RunTime:0.0004s ]
SQL: SELECT * FROM `book` WHERE `claid` = 22  [ RunTime:0.0023s ]
SQL: SELECT * FROM `sort` WHERE `cate_name` = '畅销版'  [ RunTime:0.0005s ]
SQL: SELECT * FROM `book` WHERE `claid` = 24  [ RunTime:0.0003s ]

[ 2019-03-27T09:59:46+08:00 ] ::1 /bookstore/Admin/Detailpic/selbookt
INFO: [ app_begin ] --START--
INFO: Run Behavior\ReadHtmlCacheBehavior [ RunTime:0.000966s ]
INFO: [ app_begin ] --END-- [ RunTime:0.002106s ]
SQL: SHOW COLUMNS FROM `sort` [ RunTime:0.0063s ]
SQL: SHOW COLUMNS FROM `book` [ RunTime:0.0061s ]
NOTIC: [2] Missing argument 1 for Think\Model::where(), called in F:\phpwork\myphp_www\PHPTutorial\WWW\bookstore\Application\Admin\Controller\DetailpicController.class.php on line 46 and defined F:\phpwork\myphp_www\PHPTutorial\WWW\bookstore\ThinkPHP\Library\Think\Model.class.php 第 1797 行.
NOTIC: [8] Undefined variable: where F:\phpwork\myphp_www\PHPTutorial\WWW\bookstore\ThinkPHP\Library\Think\Model.class.php 第 1805 行.
NOTIC: [8] Undefined variable: where F:\phpwork\myphp_www\PHPTutorial\WWW\bookstore\ThinkPHP\Library\Think\Model.class.php 第 1808 行.
NOTIC: [8] Undefined variable: where F:\phpwork\myphp_www\PHPTutorial\WWW\bookstore\ThinkPHP\Library\Think\Model.class.php 第 1816 行.
SQL: SELECT * FROM `sort`  [ RunTime:0.0005s ]
SQL: SELECT * FROM `book` WHERE `claid` = 27  [ RunTime:0.0004s ]
SQL: SELECT * FROM `book` WHERE `claid` = 26  [ RunTime:0.0004s ]
SQL: SELECT * FROM `book` WHERE `claid` = 25  [ RunTime:0.0004s ]
SQL: SELECT * FROM `book` WHERE `claid` = 24  [ RunTime:0.0004s ]
SQL: SELECT * FROM `book` WHERE `claid` = 23  [ RunTime:0.0004s ]
SQL: SELECT * FROM `book` WHERE `claid` = 22  [ RunTime:0.0004s ]
SQL: SELECT * FROM `sort` WHERE `cate_name` = '畅销版'  [ RunTime:0.0003s ]
SQL: SELECT * FROM `book` WHERE `claid` = 24  [ RunTime:0.0004s ]

[ 2019-03-27T10:00:01+08:00 ] ::1 /bookstore/Admin/Detailpic/selbookt
INFO: [ app_begin ] --START--
INFO: Run Behavior\ReadHtmlCacheBehavior [ RunTime:0.001050s ]
INFO: [ app_begin ] --END-- [ RunTime:0.001635s ]
SQL: SHOW COLUMNS FROM `sort` [ RunTime:0.0072s ]
SQL: SHOW COLUMNS FROM `book` [ RunTime:0.0064s ]
NOTIC: [2] Missing argument 1 for Think\Model::where(), called in F:\phpwork\myphp_www\PHPTutorial\WWW\bookstore\Application\Admin\Controller\DetailpicController.class.php on line 46 and defined F:\phpwork\myphp_www\PHPTutorial\WWW\bookstore\ThinkPHP\Library\Think\Model.class.php 第 1797 行.
NOTIC: [8] Undefined variable: where F:\phpwork\myphp_www\PHPTutorial\WWW\bookstore\ThinkPHP\Library\Think\Model.class.php 第 1805 行.
NOTIC: [8] Undefined variable: where F:\phpwork\myphp_www\PHPTutorial\WWW\bookstore\ThinkPHP\Library\Think\Model.class.php 第 1808 行.
NOTIC: [8] Undefined variable: where F:\phpwork\myphp_www\PHPTutorial\WWW\bookstore\ThinkPHP\Library\Think\Model.class.php 第 1816 行.
SQL: SELECT * FROM `sort`  [ RunTime:0.0003s ]
SQL: SELECT * FROM `book` WHERE `claid` = 27  [ RunTime:0.0004s ]
SQL: SELECT * FROM `book` WHERE `claid` = 26  [ RunTime:0.0004s ]
SQL: SELECT * FROM `book` WHERE `claid` = 25  [ RunTime:0.0004s ]
SQL: SELECT * FROM `book` WHERE `claid` = 24  [ RunTime:0.0004s ]
SQL: SELECT * FROM `book` WHERE `claid` = 23  [ RunTime:0.0004s ]
SQL: SELECT * FROM `book` WHERE `claid` = 22  [ RunTime:0.0003s ]
SQL: SELECT * FROM `sort` WHERE `cate_name` = '畅销版'  [ RunTime:0.0003s ]
SQL: SELECT * FROM `book` WHERE `claid` = 24  [ RunTime:0.0003s ]

[ 2019-03-27T10:01:36+08:00 ] ::1 /bookstore/Admin/Detailpic/selbookt
INFO: [ app_begin ] --START--
INFO: Run Behavior\ReadHtmlCacheBehavior [ RunTime:0.001056s ]
INFO: [ app_begin ] --END-- [ RunTime:0.001699s ]
SQL: SHOW COLUMNS FROM `sort` [ RunTime:0.0121s ]
SQL: SHOW COLUMNS FROM `book` [ RunTime:0.0050s ]
NOTIC: [2] Missing argument 1 for Think\Model::where(), called in F:\phpwork\myphp_www\PHPTutorial\WWW\bookstore\Application\Admin\Controller\DetailpicController.class.php on line 46 and defined F:\phpwork\myphp_www\PHPTutorial\WWW\bookstore\ThinkPHP\Library\Think\Model.class.php 第 1797 行.
NOTIC: [8] Undefined variable: where F:\phpwork\myphp_www\PHPTutorial\WWW\bookstore\ThinkPHP\Library\Think\Model.class.php 第 1805 行.
NOTIC: [8] Undefined variable: where F:\phpwork\myphp_www\PHPTutorial\WWW\bookstore\ThinkPHP\Library\Think\Model.class.php 第 1808 行.
NOTIC: [8] Undefined variable: where F:\phpwork\myphp_www\PHPTutorial\WWW\bookstore\ThinkPHP\Library\Think\Model.class.php 第 1816 行.
SQL: SELECT * FROM `sort`  [ RunTime:0.0003s ]
SQL: SELECT * FROM `book` WHERE `claid` = 27  [ RunTime:0.0003s ]
SQL: SELECT * FROM `book` WHERE `claid` = 26  [ RunTime:0.0004s ]
SQL: SELECT * FROM `book` WHERE `claid` = 25  [ RunTime:0.0004s ]
SQL: SELECT * FROM `book` WHERE `claid` = 24  [ RunTime:0.0004s ]
SQL: SELECT * FROM `book` WHERE `claid` = 23  [ RunTime:0.0003s ]
SQL: SELECT * FROM `book` WHERE `claid` = 22  [ RunTime:0.0005s ]
SQL: SELECT * FROM `sort` WHERE `cate_name` = '畅销版'  [ RunTime:0.0003s ]
SQL: SELECT * FROM `book` WHERE `claid` = 24  [ RunTime:0.0004s ]

[ 2019-03-27T10:01:53+08:00 ] ::1 /bookstore/Admin/Detailpic/selbookt
INFO: [ app_begin ] --START--
INFO: Run Behavior\ReadHtmlCacheBehavior [ RunTime:0.000931s ]
INFO: [ app_begin ] --END-- [ RunTime:0.001497s ]
SQL: SHOW COLUMNS FROM `sort` [ RunTime:0.0220s ]
SQL: SHOW COLUMNS FROM `book` [ RunTime:0.0050s ]
NOTIC: [2] Missing argument 1 for Think\Model::where(), called in F:\phpwork\myphp_www\PHPTutorial\WWW\bookstore\Application\Admin\Controller\DetailpicController.class.php on line 46 and defined F:\phpwork\myphp_www\PHPTutorial\WWW\bookstore\ThinkPHP\Library\Think\Model.class.php 第 1797 行.
NOTIC: [8] Undefined variable: where F:\phpwork\myphp_www\PHPTutorial\WWW\bookstore\ThinkPHP\Library\Think\Model.class.php 第 1805 行.
NOTIC: [8] Undefined variable: where F:\phpwork\myphp_www\PHPTutorial\WWW\bookstore\ThinkPHP\Library\Think\Model.class.php 第 1808 行.
NOTIC: [8] Undefined variable: where F:\phpwork\myphp_www\PHPTutorial\WWW\bookstore\ThinkPHP\Library\Think\Model.class.php 第 1816 行.
SQL: SELECT * FROM `sort`  [ RunTime:0.0004s ]
SQL: SELECT * FROM `book` WHERE `claid` = 27  [ RunTime:0.0005s ]
SQL: SELECT * FROM `book` WHERE `claid` = 26  [ RunTime:0.0004s ]
SQL: SELECT * FROM `book` WHERE `claid` = 25  [ RunTime:0.0002s ]
SQL: SELECT * FROM `book` WHERE `claid` = 24  [ RunTime:0.0003s ]
SQL: SELECT * FROM `book` WHERE `claid` = 23  [ RunTime:0.0002s ]
SQL: SELECT * FROM `book` WHERE `claid` = 22  [ RunTime:0.0004s ]
SQL: SELECT * FROM `sort` WHERE `cate_name` = '畅销版'  [ RunTime:0.0002s ]
SQL: SELECT * FROM `book` WHERE `claid` = 24  [ RunTime:0.0003s ]

[ 2019-03-27T10:02:05+08:00 ] ::1 /bookstore/Admin/Detailpic/selbookt
INFO: [ app_begin ] --START--
INFO: Run Behavior\ReadHtmlCacheBehavior [ RunTime:0.002240s ]
INFO: [ app_begin ] --END-- [ RunTime:0.003044s ]
SQL: SHOW COLUMNS FROM `sort` [ RunTime:0.0077s ]
SQL: SHOW COLUMNS FROM `book` [ RunTime:0.0055s ]
NOTIC: [2] Missing argument 1 for Think\Model::where(), called in F:\phpwork\myphp_www\PHPTutorial\WWW\bookstore\Application\Admin\Controller\DetailpicController.class.php on line 46 and defined F:\phpwork\myphp_www\PHPTutorial\WWW\bookstore\ThinkPHP\Library\Think\Model.class.php 第 1797 行.
NOTIC: [8] Undefined variable: where F:\phpwork\myphp_www\PHPTutorial\WWW\bookstore\ThinkPHP\Library\Think\Model.class.php 第 1805 行.
NOTIC: [8] Undefined variable: where F:\phpwork\myphp_www\PHPTutorial\WWW\bookstore\ThinkPHP\Library\Think\Model.class.php 第 1808 行.
NOTIC: [8] Undefined variable: where F:\phpwork\myphp_www\PHPTutorial\WWW\bookstore\ThinkPHP\Library\Think\Model.class.php 第 1816 行.
SQL: SELECT * FROM `sort`  [ RunTime:0.0004s ]
SQL: SELECT * FROM `book` WHERE `claid` = 27  [ RunTime:0.0003s ]
SQL: SELECT * FROM `book` WHERE `claid` = 26  [ RunTime:0.0003s ]
SQL: SELECT * FROM `book` WHERE `claid` = 25  [ RunTime:0.0003s ]
SQL: SELECT * FROM `book` WHERE `claid` = 24  [ RunTime:0.0007s ]
SQL: SELECT * FROM `book` WHERE `claid` = 23  [ RunTime:0.0004s ]
SQL: SELECT * FROM `book` WHERE `claid` = 22  [ RunTime:0.0003s ]
SQL: SELECT * FROM `sort` WHERE `cate_name` = '畅销版'  [ RunTime:0.0003s ]
SQL: SELECT * FROM `book` WHERE `claid` = 24  [ RunTime:0.0003s ]

